Using pre-set license
Built from '2020.3/staging' branch; Version is '2020.3.0f1 (c7b5465681fb) revision 13088070'; Using compiler version '192528614'; Build Type 'Release'
OS: 'Windows 10 Pro; OS build 18363.1316; Version 1909; 64bit' Language: 'en' Physical Memory: 10164 MB
BatchMode: 1, IsHumanControllingUs: 0, StartBugReporterOnCrash: 0, Is64bit: 1, IsPro: 0

 COMMAND LINE ARGUMENTS:
C:\Program Files\Unity\Hub\Editor\2019.4.22f1\Editor\2020.3.0f1\Editor\Unity.exe
-adb2
-batchMode
-noUpm
-name
AssetImportWorker0
-projectPath
D:/Work/Project/Jeopardy/Latest-Jeopardy-Game-master
-logFile
Logs/AssetImportWorker0.log
-srvPort
50489
Successfully changed project path to: D:/Work/Project/Jeopardy/Latest-Jeopardy-Game-master
D:/Work/Project/Jeopardy/Latest-Jeopardy-Game-master
Using Asset Import Pipeline V2.
Refreshing native plugins compatible for Editor in 49.25 ms, found 0 plugins.
Preloading 0 native plugins for Editor in 0.00 ms.
Initialize engine version: 2020.3.0f1 (c7b5465681fb)
[Subsystems] Discovering subsystems at path C:/Program Files/Unity/Hub/Editor/2019.4.22f1/Editor/2020.3.0f1/Editor/Data/Resources/UnitySubsystems
[Subsystems] Discovering subsystems at path D:/Work/Project/Jeopardy/Latest-Jeopardy-Game-master/Assets
GfxDevice: creating device client; threaded=0
Direct3D:
    Version:  Direct3D 11.0 [level 11.1]
    Renderer: Intel(R) HD Graphics 4600 (ID=0x412)
    Vendor:   
    VRAM:     2048 MB
    Driver:   20.19.15.5063
Initialize mono
Mono path[0] = 'C:/Program Files/Unity/Hub/Editor/2019.4.22f1/Editor/2020.3.0f1/Editor/Data/Managed'
Mono path[1] = 'C:/Program Files/Unity/Hub/Editor/2019.4.22f1/Editor/2020.3.0f1/Editor/Data/MonoBleedingEdge/lib/mono/unityjit'
Mono config path = 'C:/Program Files/Unity/Hub/Editor/2019.4.22f1/Editor/2020.3.0f1/Editor/Data/MonoBleedingEdge/etc'
Using monoOptions --debugger-agent=transport=dt_socket,embedding=1,server=y,suspend=n,address=127.0.0.1:56828
Begin MonoManager ReloadAssembly
Registering precompiled unity dll's ...
Register platform support module: C:/Program Files/Unity/Hub/Editor/2019.4.22f1/Editor/2020.3.0f1/Editor/Data/PlaybackEngines/WebGLSupport/UnityEditor.WebGL.Extensions.dll
Register platform support module: C:/Program Files/Unity/Hub/Editor/2019.4.22f1/Editor/2020.3.0f1/Editor/Data/PlaybackEngines/WindowsStandaloneSupport/UnityEditor.WindowsStandalone.Extensions.dll
Registered in 0.003125 seconds.
Native extension for WindowsStandalone target not found
Native extension for WebGL target not found
Refreshing native plugins compatible for Editor in 51.83 ms, found 0 plugins.
Preloading 0 native plugins for Editor in 0.00 ms.
Invoked RoslynAnalysisRunner static constructor.
RoslynAnalysisRunner will not be running.
RoslynAnalysisRunner has terminated.
Mono: successfully reloaded assembly
- Completed reload, in  1.787 seconds
Platform modules already initialized, skipping
Registering precompiled user dll's ...
Registered in 0.002327 seconds.
Begin MonoManager ReloadAssembly
Native extension for WindowsStandalone target not found
Native extension for WebGL target not found
Refreshing native plugins compatible for Editor in 0.50 ms, found 0 plugins.
Preloading 0 native plugins for Editor in 0.00 ms.
Invoked RoslynAnalysisRunner static constructor.
RoslynAnalysisRunner will not be running.
RoslynAnalysisRunner has terminated.
Find all reader and writers took 115 milliseconds
Script Module: UnityEngine.UI.dll
Weave behaviours and messages took81 milliseconds
Find all reader and writers took 83 milliseconds
Script Module: UnityEngine.TestRunner.dll
Weave behaviours and messages took20 milliseconds
Find all reader and writers took 76 milliseconds
Script Module: SimpleWebTransport.dll
Weave behaviours and messages took6 milliseconds
Find all reader and writers took 78 milliseconds
Script Module: Unity.Timeline.dll
Weave behaviours and messages took23 milliseconds
Find all reader and writers took 74 milliseconds
Script Module: Assembly-CSharp.dll
[ClientGameController] NetworkBehaviourProcessor
[MatchMaker] NetworkBehaviourProcessor
[NetworkLobbyController] NetworkBehaviourProcessor
[ServerGameController] NetworkBehaviourProcessor
[Player] NetworkBehaviourProcessor
[TurnManager] NetworkBehaviourProcessor
[GameContainer] NetworkBehaviourProcessor
[LobbyPanalController] NetworkBehaviourProcessor
Weave behaviours and messages took25 milliseconds
Find all reader and writers took 81 milliseconds
Script Module: Mirror.Components.dll
[NetworkAnimator] NetworkBehaviourProcessor
[NetworkRoomPlayer] NetworkBehaviourProcessor
[NetworkLobbyPlayer] NetworkBehaviourProcessor
[NetworkVisibility] NetworkBehaviourProcessor
[NetworkVisibility] Found NetworkBehaviour Mirror.NetworkVisibility
[NetworkVisibility] Process Start
[NetworkVisibility]   GenerateSerialization
[NetworkVisibility]   GenerateDeSerialization
[NetworkVisibility] Process Done
[NetworkMatchChecker] NetworkBehaviourProcessor
[NetworkVisibility] NetworkBehaviourProcessor
[NetworkProximityChecker] NetworkBehaviourProcessor
[NetworkRoomPlayer] NetworkBehaviourProcessor
[NetworkVisibility] NetworkBehaviourProcessor
[NetworkSceneChecker] NetworkBehaviourProcessor
[NetworkTransformBase] NetworkBehaviourProcessor
[NetworkTransform] NetworkBehaviourProcessor
[NetworkTransformBase] NetworkBehaviourProcessor
[NetworkTransformBase] NetworkBehaviourProcessor
[NetworkTransformChild] NetworkBehaviourProcessor
[NetworkLerpRigidbody] NetworkBehaviourProcessor
[NetworkRigidbody] NetworkBehaviourProcessor
[NetworkRigidbody2D] NetworkBehaviourProcessor
[NetworkTransformBase] NetworkBehaviourProcessor
[NetworkTransform] NetworkBehaviourProcessor
[NetworkTransformBase] NetworkBehaviourProcessor
[NetworkTransformBase] NetworkBehaviourProcessor
[NetworkTransformChild] NetworkBehaviourProcessor
Weave behaviours and messages took71 milliseconds
  ProcessSitesModule Mirror.Components.dll elapsed time:00:00:00.0119820
Find all reader and writers took 93 milliseconds
Script Module: Unity.TextMeshPro.dll
Weave behaviours and messages took54 milliseconds
Find all reader and writers took 85 milliseconds
Script Module: Telepathy.dll
Weave behaviours and messages took1 milliseconds
Find all reader and writers took 77 milliseconds
Script Module: Mirror.Authenticators.dll
Weave behaviours and messages took36 milliseconds
  ProcessSitesModule Mirror.Authenticators.dll elapsed time:00:00:00.0029985
Find all reader and writers took 79 milliseconds
Script Module: Mirror.Cloud.dll
Weave behaviours and messages took2 milliseconds
Find all reader and writers took 74 milliseconds
Script Module: kcp2k.dll
Weave behaviours and messages took3 milliseconds
Find all reader and writers took 109 milliseconds
Script Module: UnityEditor.TestRunner.dll
Weave behaviours and messages took31 milliseconds
Find all reader and writers took 107 milliseconds
Script Module: UnityEditor.UI.dll
Weave behaviours and messages took9 milliseconds
Find all reader and writers took 74 milliseconds
Script Module: Mirror.CompilerSymbols.dll
Weave behaviours and messages took0 milliseconds
Mono: successfully reloaded assembly
- Completed reload, in  5.146 seconds
Platform modules already initialized, skipping
========================================================================
Worker process is ready to serve import requests
Launched and connected shader compiler UnityShaderCompiler.exe after 0.05 seconds
Refreshing native plugins compatible for Editor in 0.53 ms, found 0 plugins.
Preloading 0 native plugins for Editor in 0.00 ms.
Unloading 1528 Unused Serialized files (Serialized files now loaded: 0)
System memory in use before: 72.0 MB.
System memory in use after: 72.1 MB.

Unloading 14 unused Assets to reduce memory usage. Loaded Objects now: 1967.
Total: 3.963200 ms (FindLiveObjects: 0.224700 ms CreateObjectMapping: 0.120700 ms MarkObjects: 3.535400 ms  DeleteObjects: 0.081400 ms)

========================================================================
Received Import Request.
  path: Assets/Scenes/Lobby.unity
  artifactKey: Guid(0cc590d1ddfc3b94e8251d6aa7c0218f) Importer(815301076,1909f56bfc062723c751e8b465ee728b)
Start importing Assets/Scenes/Lobby.unity using Guid(0cc590d1ddfc3b94e8251d6aa7c0218f) Importer(815301076,1909f56bfc062723c751e8b465ee728b)  -> (artifact id: '4ff8fd75d740ca74419331bbc328704c') in 0.022287 seconds
  Import took 0.026064 seconds .

========================================================================
Received Import Request.
  Time since last request: 161.864304 seconds.
  path: Assets/Scenes/Lobby.unity
  artifactKey: Guid(0cc590d1ddfc3b94e8251d6aa7c0218f) Importer(815301076,1909f56bfc062723c751e8b465ee728b)
Start importing Assets/Scenes/Lobby.unity using Guid(0cc590d1ddfc3b94e8251d6aa7c0218f) Importer(815301076,1909f56bfc062723c751e8b465ee728b)  -> (artifact id: '62332111b6eb75c0db9d480eff05bfa2') in 0.004739 seconds
  Import took 0.011431 seconds .

========================================================================
Received Import Request.
  Time since last request: 45.740222 seconds.
  path: Assets/Scenes/Lobby.unity
  artifactKey: Guid(0cc590d1ddfc3b94e8251d6aa7c0218f) Importer(815301076,1909f56bfc062723c751e8b465ee728b)
Start importing Assets/Scenes/Lobby.unity using Guid(0cc590d1ddfc3b94e8251d6aa7c0218f) Importer(815301076,1909f56bfc062723c751e8b465ee728b)  -> (artifact id: '4172528a8474682ed747c23c331fb0b5') in 0.011293 seconds
  Import took 0.015824 seconds .

========================================================================
Received Prepare
Refreshing native plugins compatible for Editor in 3.59 ms, found 0 plugins.
Preloading 0 native plugins for Editor in 0.00 ms.
Unloading 8 Unused Serialized files (Serialized files now loaded: 0)
System memory in use before: 41.1 MB.
System memory in use after: 41.2 MB.

Unloading 7 unused Assets to reduce memory usage. Loaded Objects now: 1967.
Total: 5.615200 ms (FindLiveObjects: 0.276400 ms CreateObjectMapping: 0.138300 ms MarkObjects: 5.177700 ms  DeleteObjects: 0.021100 ms)

========================================================================
Received Prepare
Registering precompiled user dll's ...
Registered in 0.004134 seconds.
Begin MonoManager ReloadAssembly
Native extension for WindowsStandalone target not found
Native extension for WebGL target not found
Refreshing native plugins compatible for Editor in 0.79 ms, found 0 plugins.
Preloading 0 native plugins for Editor in 0.00 ms.
Invoked RoslynAnalysisRunner static constructor.
RoslynAnalysisRunner will not be running.
RoslynAnalysisRunner has terminated.
Mono: successfully reloaded assembly
- Completed reload, in  1.984 seconds
Platform modules already initialized, skipping
Refreshing native plugins compatible for Editor in 2.00 ms, found 0 plugins.
Preloading 0 native plugins for Editor in 0.00 ms.
Unloading 1512 Unused Serialized files (Serialized files now loaded: 0)
System memory in use before: 71.4 MB.
System memory in use after: 71.5 MB.

Unloading 9 unused Assets to reduce memory usage. Loaded Objects now: 1970.
Total: 3.036300 ms (FindLiveObjects: 0.653500 ms CreateObjectMapping: 0.171500 ms MarkObjects: 2.169200 ms  DeleteObjects: 0.039700 ms)

========================================================================
Received Prepare
Registering precompiled user dll's ...
Registered in 0.002393 seconds.
Begin MonoManager ReloadAssembly
Native extension for WindowsStandalone target not found
Native extension for WebGL target not found
Refreshing native plugins compatible for Editor in 0.72 ms, found 0 plugins.
Preloading 0 native plugins for Editor in 0.00 ms.
Invoked RoslynAnalysisRunner static constructor.
RoslynAnalysisRunner will not be running.
RoslynAnalysisRunner has terminated.
Mono: successfully reloaded assembly
- Completed reload, in  2.529 seconds
Platform modules already initialized, skipping
Refreshing native plugins compatible for Editor in 1.73 ms, found 0 plugins.
Preloading 0 native plugins for Editor in 0.00 ms.
Unloading 1512 Unused Serialized files (Serialized files now loaded: 0)
System memory in use before: 71.5 MB.
System memory in use after: 71.6 MB.

Unloading 9 unused Assets to reduce memory usage. Loaded Objects now: 1973.
Total: 4.160200 ms (FindLiveObjects: 0.314200 ms CreateObjectMapping: 0.182500 ms MarkObjects: 3.623700 ms  DeleteObjects: 0.036400 ms)

========================================================================
Received Prepare
Registering precompiled user dll's ...
Registered in 0.007291 seconds.
Begin MonoManager ReloadAssembly
Native extension for WindowsStandalone target not found
Native extension for WebGL target not found
Refreshing native plugins compatible for Editor in 2.47 ms, found 0 plugins.
Preloading 0 native plugins for Editor in 0.00 ms.
Invoked RoslynAnalysisRunner static constructor.
RoslynAnalysisRunner will not be running.
RoslynAnalysisRunner has terminated.
Mono: successfully reloaded assembly
- Completed reload, in  2.149 seconds
Platform modules already initialized, skipping
Refreshing native plugins compatible for Editor in 0.56 ms, found 0 plugins.
Preloading 0 native plugins for Editor in 0.00 ms.
Unloading 1512 Unused Serialized files (Serialized files now loaded: 0)
System memory in use before: 71.5 MB.
System memory in use after: 71.6 MB.

Unloading 9 unused Assets to reduce memory usage. Loaded Objects now: 1976.
Total: 7.223000 ms (FindLiveObjects: 1.167200 ms CreateObjectMapping: 0.202100 ms MarkObjects: 5.588800 ms  DeleteObjects: 0.253700 ms)

========================================================================
Received Import Request.
  Time since last request: 1680.880928 seconds.
  path: Assets/Prefabs/no shadow text.prefab
  artifactKey: Guid(c74787ba8b84e1a488d44fc82717df2e) Importer(815301076,1909f56bfc062723c751e8b465ee728b)
Start importing Assets/Prefabs/no shadow text.prefab using Guid(c74787ba8b84e1a488d44fc82717df2e) Importer(815301076,1909f56bfc062723c751e8b465ee728b)  -> (artifact id: '7bc56ff3827a3bee37dbca0c6f4997e0') in 0.106483 seconds
  Import took 0.111527 seconds .

========================================================================
Received Import Request.
  Time since last request: 16.035844 seconds.
  path: Assets/Prefabs/Join Participent container.prefab
  artifactKey: Guid(3bcb6cb0b4202554aadcd0ccfcb108b0) Importer(815301076,1909f56bfc062723c751e8b465ee728b)
Start importing Assets/Prefabs/Join Participent container.prefab using Guid(3bcb6cb0b4202554aadcd0ccfcb108b0) Importer(815301076,1909f56bfc062723c751e8b465ee728b)  -> (artifact id: '5835c949c3c8ee799ab991d8cf06e637') in 0.060844 seconds
  Import took 0.065533 seconds .

========================================================================
Received Import Request.
  Time since last request: 32.070894 seconds.
  path: Assets/Prefabs/Join Participent container.prefab
  artifactKey: Guid(3bcb6cb0b4202554aadcd0ccfcb108b0) Importer(815301076,1909f56bfc062723c751e8b465ee728b)
Start importing Assets/Prefabs/Join Participent container.prefab using Guid(3bcb6cb0b4202554aadcd0ccfcb108b0) Importer(815301076,1909f56bfc062723c751e8b465ee728b)  -> (artifact id: 'b2056fae54f3ea2e2ba1dda290ef4da2') in 0.016144 seconds
  Import took 0.020481 seconds .

========================================================================
Received Import Request.
  Time since last request: 2.585613 seconds.
  path: Assets/Prefabs/Join Participent container.prefab
  artifactKey: Guid(3bcb6cb0b4202554aadcd0ccfcb108b0) Importer(815301076,1909f56bfc062723c751e8b465ee728b)
Start importing Assets/Prefabs/Join Participent container.prefab using Guid(3bcb6cb0b4202554aadcd0ccfcb108b0) Importer(815301076,1909f56bfc062723c751e8b465ee728b)  -> (artifact id: 'ae0814c9cd22836f2ad9867ea0611d2f') in 0.010920 seconds
  Import took 0.015007 seconds .

========================================================================
Received Import Request.
  Time since last request: 301.915074 seconds.
  path: Assets/Sprites/New game/new game _icon_cont.png
  artifactKey: Guid(b869536915630d344ac04c8e62c35cf8) Importer(815301076,1909f56bfc062723c751e8b465ee728b)
Start importing Assets/Sprites/New game/new game _icon_cont.png using Guid(b869536915630d344ac04c8e62c35cf8) Importer(815301076,1909f56bfc062723c751e8b465ee728b)  -> (artifact id: '62e64c570218b5ad012481f426e26189') in 0.165464 seconds
  Import took 0.172906 seconds .

========================================================================
Received Import Request.
  Time since last request: 0.000267 seconds.
  path: Assets/Sprites/New game/new game _icon_pres.png
  artifactKey: Guid(be10870d8e99b554ea2d142e7685a169) Importer(815301076,1909f56bfc062723c751e8b465ee728b)
Start importing Assets/Sprites/New game/new game _icon_pres.png using Guid(be10870d8e99b554ea2d142e7685a169) Importer(815301076,1909f56bfc062723c751e8b465ee728b)  -> (artifact id: '4d290e163c2665c1d2ee06b6636578d4') in 0.025278 seconds
  Import took 0.029315 seconds .

========================================================================
Received Import Request.
  Time since last request: 122.863458 seconds.
  path: Assets/Prefabs/Join Participent container inputfeild.prefab
  artifactKey: Guid(71b5c7d8338c8704faa95e7aaf7522cf) Importer(815301076,1909f56bfc062723c751e8b465ee728b)
Start importing Assets/Prefabs/Join Participent container inputfeild.prefab using Guid(71b5c7d8338c8704faa95e7aaf7522cf) Importer(815301076,1909f56bfc062723c751e8b465ee728b)  -> (artifact id: '9f853dea5025275f902341129f7649f6') in 0.064983 seconds
  Import took 0.069727 seconds .

========================================================================
Received Import Request.
  Time since last request: 2.945963 seconds.
  path: Assets/Prefabs/Join Participent container inputfeild.prefab
  artifactKey: Guid(71b5c7d8338c8704faa95e7aaf7522cf) Importer(815301076,1909f56bfc062723c751e8b465ee728b)
Start importing Assets/Prefabs/Join Participent container inputfeild.prefab using Guid(71b5c7d8338c8704faa95e7aaf7522cf) Importer(815301076,1909f56bfc062723c751e8b465ee728b)  -> (artifact id: '2c6c224122dd3e1f2f77bd231baa5361') in 0.011950 seconds
  Import took 0.017989 seconds .

========================================================================
Received Import Request.
  Time since last request: 10.929104 seconds.
  path: Assets/Prefabs/Join Participent container.prefab
  artifactKey: Guid(3bcb6cb0b4202554aadcd0ccfcb108b0) Importer(815301076,1909f56bfc062723c751e8b465ee728b)
Start importing Assets/Prefabs/Join Participent container.prefab using Guid(3bcb6cb0b4202554aadcd0ccfcb108b0) Importer(815301076,1909f56bfc062723c751e8b465ee728b)  -> (artifact id: '64cb4daad2d0b7aa77f6097582181b03') in 0.024442 seconds
  Import took 0.029592 seconds .

========================================================================
Received Import Request.
  Time since last request: 1.573101 seconds.
  path: Assets/Prefabs/Join Participent container.prefab
  artifactKey: Guid(3bcb6cb0b4202554aadcd0ccfcb108b0) Importer(815301076,1909f56bfc062723c751e8b465ee728b)
Start importing Assets/Prefabs/Join Participent container.prefab using Guid(3bcb6cb0b4202554aadcd0ccfcb108b0) Importer(815301076,1909f56bfc062723c751e8b465ee728b)  -> (artifact id: '1f7384e1b5ac428ac2a24dba354e17e6') in 0.014258 seconds
  Import took 0.019761 seconds .

========================================================================
Received Import Request.
  Time since last request: 32.894829 seconds.
  path: Assets/Prefabs/Host Participent container.prefab
  artifactKey: Guid(4a6458520ef1ed642832fc87e1b17cf0) Importer(815301076,1909f56bfc062723c751e8b465ee728b)
Start importing Assets/Prefabs/Host Participent container.prefab using Guid(4a6458520ef1ed642832fc87e1b17cf0) Importer(815301076,1909f56bfc062723c751e8b465ee728b)  -> (artifact id: 'afacc5dde5429cd293ca4b1fd291add9') in 0.018430 seconds
  Import took 0.023512 seconds .

========================================================================
Received Import Request.
  Time since last request: 1.776478 seconds.
  path: Assets/Prefabs/Host Participent container.prefab
  artifactKey: Guid(4a6458520ef1ed642832fc87e1b17cf0) Importer(815301076,1909f56bfc062723c751e8b465ee728b)
Start importing Assets/Prefabs/Host Participent container.prefab using Guid(4a6458520ef1ed642832fc87e1b17cf0) Importer(815301076,1909f56bfc062723c751e8b465ee728b)  -> (artifact id: '523246808ce694c7741286b38e1b2a76') in 0.018641 seconds
  Import took 0.023372 seconds .

========================================================================
Received Import Request.
  Time since last request: 9.726976 seconds.
  path: Assets/Prefabs/IFhostcontainer.prefab
  artifactKey: Guid(bcf599d225e812f48a3d46377fb3704f) Importer(815301076,1909f56bfc062723c751e8b465ee728b)
Start importing Assets/Prefabs/IFhostcontainer.prefab using Guid(bcf599d225e812f48a3d46377fb3704f) Importer(815301076,1909f56bfc062723c751e8b465ee728b)  -> (artifact id: '521dd7450b81459f580825d6ce48df4e') in 0.022181 seconds
  Import took 0.026790 seconds .

========================================================================
Received Prepare
Refreshing native plugins compatible for Editor in 2.83 ms, found 0 plugins.
Preloading 0 native plugins for Editor in 0.00 ms.
Unloading 8 Unused Serialized files (Serialized files now loaded: 0)
System memory in use before: 46.0 MB.
System memory in use after: 46.1 MB.

Unloading 8 unused Assets to reduce memory usage. Loaded Objects now: 1984.
Total: 4.388500 ms (FindLiveObjects: 0.250500 ms CreateObjectMapping: 0.131000 ms MarkObjects: 3.975700 ms  DeleteObjects: 0.030100 ms)

========================================================================
Received Prepare
Refreshing native plugins compatible for Editor in 3.18 ms, found 0 plugins.
Preloading 0 native plugins for Editor in 0.00 ms.
Unloading 8 Unused Serialized files (Serialized files now loaded: 0)
System memory in use before: 46.0 MB.
System memory in use after: 46.1 MB.

Unloading 7 unused Assets to reduce memory usage. Loaded Objects now: 1984.
Total: 4.192300 ms (FindLiveObjects: 0.274600 ms CreateObjectMapping: 0.198000 ms MarkObjects: 3.699300 ms  DeleteObjects: 0.019000 ms)

========================================================================
Received Prepare
Registering precompiled user dll's ...
Registered in 0.009258 seconds.
Begin MonoManager ReloadAssembly
Native extension for WindowsStandalone target not found
Native extension for WebGL target not found
Refreshing native plugins compatible for Editor in 0.54 ms, found 0 plugins.
Preloading 0 native plugins for Editor in 0.00 ms.
Invoked RoslynAnalysisRunner static constructor.
RoslynAnalysisRunner will not be running.
RoslynAnalysisRunner has terminated.
Mono: successfully reloaded assembly
- Completed reload, in  2.592 seconds
Platform modules already initialized, skipping
Refreshing native plugins compatible for Editor in 0.61 ms, found 0 plugins.
Preloading 0 native plugins for Editor in 0.00 ms.
Unloading 1512 Unused Serialized files (Serialized files now loaded: 0)
System memory in use before: 74.7 MB.
System memory in use after: 74.8 MB.

Unloading 9 unused Assets to reduce memory usage. Loaded Objects now: 1987.
Total: 9.262400 ms (FindLiveObjects: 0.210100 ms CreateObjectMapping: 0.135700 ms MarkObjects: 8.799500 ms  DeleteObjects: 0.110700 ms)

========================================================================
Received Import Request.
  Time since last request: 561.658116 seconds.
  path: Assets/Scenes/Start.unity
  artifactKey: Guid(674f929c7af05274e931ad6f6758cc8c) Importer(815301076,1909f56bfc062723c751e8b465ee728b)
Start importing Assets/Scenes/Start.unity using Guid(674f929c7af05274e931ad6f6758cc8c) Importer(815301076,1909f56bfc062723c751e8b465ee728b)  -> (artifact id: '27a383d00b2d2e7838b28249c46742ef') in 0.038170 seconds
  Import took 0.053161 seconds .

========================================================================
Received Prepare
Registering precompiled user dll's ...
Registered in 0.024499 seconds.
Begin MonoManager ReloadAssembly
Native extension for WindowsStandalone target not found
Native extension for WebGL target not found
Refreshing native plugins compatible for Editor in 2.50 ms, found 0 plugins.
Preloading 0 native plugins for Editor in 0.00 ms.
Invoked RoslynAnalysisRunner static constructor.
RoslynAnalysisRunner will not be running.
RoslynAnalysisRunner has terminated.
Mono: successfully reloaded assembly
- Completed reload, in  6.402 seconds
Platform modules already initialized, skipping
Refreshing native plugins compatible for Editor in 5.04 ms, found 0 plugins.
Preloading 0 native plugins for Editor in 0.00 ms.
Unloading 1512 Unused Serialized files (Serialized files now loaded: 0)
System memory in use before: 74.7 MB.
System memory in use after: 74.8 MB.

Unloading 9 unused Assets to reduce memory usage. Loaded Objects now: 1990.
Total: 12.750500 ms (FindLiveObjects: 2.223000 ms CreateObjectMapping: 1.119500 ms MarkObjects: 9.219400 ms  DeleteObjects: 0.173000 ms)

========================================================================
Received Import Request.
  Time since last request: 162.875335 seconds.
  path: Assets/Prefabs/Join Participent container inputfeild.prefab
  artifactKey: Guid(71b5c7d8338c8704faa95e7aaf7522cf) Importer(815301076,1909f56bfc062723c751e8b465ee728b)
Start importing Assets/Prefabs/Join Participent container inputfeild.prefab using Guid(71b5c7d8338c8704faa95e7aaf7522cf) Importer(815301076,1909f56bfc062723c751e8b465ee728b)  -> (artifact id: '07c109f9708e80601dd3fbbf925fcc25') in 0.122789 seconds
  Import took 0.135122 seconds .

========================================================================
Received Import Request.
  Time since last request: 15.212372 seconds.
  path: Assets/Prefabs/Join Participent container inputfeild.prefab
  artifactKey: Guid(71b5c7d8338c8704faa95e7aaf7522cf) Importer(815301076,1909f56bfc062723c751e8b465ee728b)
Start importing Assets/Prefabs/Join Participent container inputfeild.prefab using Guid(71b5c7d8338c8704faa95e7aaf7522cf) Importer(815301076,1909f56bfc062723c751e8b465ee728b)  -> (artifact id: 'd6917794ef589a80a26fc506cc4646ee') in 0.055550 seconds
  Import took 0.070783 seconds .

========================================================================
Received Import Request.
  Time since last request: 24.590195 seconds.
  path: Assets/Prefabs/Join Participent container inputfeild.prefab
  artifactKey: Guid(71b5c7d8338c8704faa95e7aaf7522cf) Importer(815301076,1909f56bfc062723c751e8b465ee728b)
Start importing Assets/Prefabs/Join Participent container inputfeild.prefab using Guid(71b5c7d8338c8704faa95e7aaf7522cf) Importer(815301076,1909f56bfc062723c751e8b465ee728b)  -> (artifact id: '260761c2641b71c7dc76ba603394055a') in 0.079748 seconds
  Import took 0.090103 seconds .

========================================================================
Received Prepare
Registering precompiled user dll's ...
Registered in 0.011930 seconds.
Begin MonoManager ReloadAssembly
Native extension for WindowsStandalone target not found
Native extension for WebGL target not found
Refreshing native plugins compatible for Editor in 5.65 ms, found 0 plugins.
Preloading 0 native plugins for Editor in 0.00 ms.
Invoked RoslynAnalysisRunner static constructor.
RoslynAnalysisRunner will not be running.
RoslynAnalysisRunner has terminated.
Mono: successfully reloaded assembly
- Completed reload, in  7.764 seconds
Platform modules already initialized, skipping
Refreshing native plugins compatible for Editor in 3.69 ms, found 0 plugins.
Preloading 0 native plugins for Editor in 0.00 ms.
Unloading 1512 Unused Serialized files (Serialized files now loaded: 0)
System memory in use before: 74.7 MB.
System memory in use after: 74.8 MB.

Unloading 10 unused Assets to reduce memory usage. Loaded Objects now: 1993.
Total: 10.595600 ms (FindLiveObjects: 1.102600 ms CreateObjectMapping: 0.688200 ms MarkObjects: 8.712200 ms  DeleteObjects: 0.081900 ms)

========================================================================
Received Import Request.
  Time since last request: 319.191305 seconds.
  path: Assets/Prefabs/Join Participent container inputfeild.prefab
  artifactKey: Guid(71b5c7d8338c8704faa95e7aaf7522cf) Importer(815301076,1909f56bfc062723c751e8b465ee728b)
Start importing Assets/Prefabs/Join Participent container inputfeild.prefab using Guid(71b5c7d8338c8704faa95e7aaf7522cf) Importer(815301076,1909f56bfc062723c751e8b465ee728b)  -> (artifact id: 'd5fb96935be621963e275345ed8a6063') in 0.115372 seconds
  Import took 0.121625 seconds .

========================================================================
Received Import Request.
  Time since last request: 24.346172 seconds.
  path: Assets/Prefabs/Join Participent container inputfeild.prefab
  artifactKey: Guid(71b5c7d8338c8704faa95e7aaf7522cf) Importer(815301076,1909f56bfc062723c751e8b465ee728b)
Start importing Assets/Prefabs/Join Participent container inputfeild.prefab using Guid(71b5c7d8338c8704faa95e7aaf7522cf) Importer(815301076,1909f56bfc062723c751e8b465ee728b)  -> (artifact id: '64fae3aca127731e55972bc29c79c9d0') in 0.027885 seconds
  Import took 0.033773 seconds .

========================================================================
Received Import Request.
  Time since last request: 13.297740 seconds.
  path: Assets/Prefabs/Join Participent container inputfeild.prefab
  artifactKey: Guid(71b5c7d8338c8704faa95e7aaf7522cf) Importer(815301076,1909f56bfc062723c751e8b465ee728b)
Start importing Assets/Prefabs/Join Participent container inputfeild.prefab using Guid(71b5c7d8338c8704faa95e7aaf7522cf) Importer(815301076,1909f56bfc062723c751e8b465ee728b)  -> (artifact id: '33c48e785e180ca9c59c19fcf8030bcc') in 0.027201 seconds
  Import took 0.058702 seconds .

========================================================================
Received Import Request.
  Time since last request: 1.970862 seconds.
  path: Assets/Prefabs/Join Participent container inputfeild.prefab
  artifactKey: Guid(71b5c7d8338c8704faa95e7aaf7522cf) Importer(815301076,1909f56bfc062723c751e8b465ee728b)
Start importing Assets/Prefabs/Join Participent container inputfeild.prefab using Guid(71b5c7d8338c8704faa95e7aaf7522cf) Importer(815301076,1909f56bfc062723c751e8b465ee728b)  -> (artifact id: 'a21910fe107a9082c422bdd9469731cc') in 0.026995 seconds
  Import took 0.037629 seconds .

========================================================================
Received Import Request.
  Time since last request: 13.078579 seconds.
  path: Assets/Prefabs/Join Participent container inputfeild.prefab
  artifactKey: Guid(71b5c7d8338c8704faa95e7aaf7522cf) Importer(815301076,1909f56bfc062723c751e8b465ee728b)
Start importing Assets/Prefabs/Join Participent container inputfeild.prefab using Guid(71b5c7d8338c8704faa95e7aaf7522cf) Importer(815301076,1909f56bfc062723c751e8b465ee728b)  -> (artifact id: '5b276cb568c962e0d503febc305a68d5') in 0.018795 seconds
  Import took 0.028219 seconds .

========================================================================
Received Import Request.
  Time since last request: 4.417258 seconds.
  path: Assets/Prefabs/Join Participent container inputfeild.prefab
  artifactKey: Guid(71b5c7d8338c8704faa95e7aaf7522cf) Importer(815301076,1909f56bfc062723c751e8b465ee728b)
Start importing Assets/Prefabs/Join Participent container inputfeild.prefab using Guid(71b5c7d8338c8704faa95e7aaf7522cf) Importer(815301076,1909f56bfc062723c751e8b465ee728b)  -> (artifact id: 'f1e87cd9efc191117ccf46c5902fecbd') in 0.025520 seconds
  Import took 0.034122 seconds .

========================================================================
Received Import Request.
  Time since last request: 8.951861 seconds.
  path: Assets/Prefabs/Join Participent container inputfeild.prefab
  artifactKey: Guid(71b5c7d8338c8704faa95e7aaf7522cf) Importer(815301076,1909f56bfc062723c751e8b465ee728b)
Start importing Assets/Prefabs/Join Participent container inputfeild.prefab using Guid(71b5c7d8338c8704faa95e7aaf7522cf) Importer(815301076,1909f56bfc062723c751e8b465ee728b)  -> (artifact id: 'f818345dd56a47152a86e5b2a8cc0979') in 0.027614 seconds
  Import took 0.034371 seconds .

========================================================================
Received Import Request.
  Time since last request: 12.201103 seconds.
  path: Assets/Prefabs/Join Participent container inputfeild.prefab
  artifactKey: Guid(71b5c7d8338c8704faa95e7aaf7522cf) Importer(815301076,1909f56bfc062723c751e8b465ee728b)
Start importing Assets/Prefabs/Join Participent container inputfeild.prefab using Guid(71b5c7d8338c8704faa95e7aaf7522cf) Importer(815301076,1909f56bfc062723c751e8b465ee728b)  -> (artifact id: '52a1e76e3f6355709e5f048fe823ab4f') in 0.021288 seconds
  Import took 0.028549 seconds .

========================================================================
Received Import Request.
  Time since last request: 6.057536 seconds.
  path: Assets/Prefabs/Join Participent container inputfeild.prefab
  artifactKey: Guid(71b5c7d8338c8704faa95e7aaf7522cf) Importer(815301076,1909f56bfc062723c751e8b465ee728b)
Start importing Assets/Prefabs/Join Participent container inputfeild.prefab using Guid(71b5c7d8338c8704faa95e7aaf7522cf) Importer(815301076,1909f56bfc062723c751e8b465ee728b)  -> (artifact id: '0e1d9a0423664246785324c59da06349') in 0.026963 seconds
  Import took 0.033435 seconds .

========================================================================
Received Import Request.
  Time since last request: 1.190547 seconds.
  path: Assets/Prefabs/Join Participent container inputfeild.prefab
  artifactKey: Guid(71b5c7d8338c8704faa95e7aaf7522cf) Importer(815301076,1909f56bfc062723c751e8b465ee728b)
Start importing Assets/Prefabs/Join Participent container inputfeild.prefab using Guid(71b5c7d8338c8704faa95e7aaf7522cf) Importer(815301076,1909f56bfc062723c751e8b465ee728b)  -> (artifact id: 'e9b825c32b4d21962c4de113ff16eda3') in 0.020363 seconds
  Import took 0.028935 seconds .

========================================================================
Received Import Request.
  Time since last request: 11.502698 seconds.
  path: Assets/Prefabs/Join Participent container inputfeild.prefab
  artifactKey: Guid(71b5c7d8338c8704faa95e7aaf7522cf) Importer(815301076,1909f56bfc062723c751e8b465ee728b)
Start importing Assets/Prefabs/Join Participent container inputfeild.prefab using Guid(71b5c7d8338c8704faa95e7aaf7522cf) Importer(815301076,1909f56bfc062723c751e8b465ee728b)  -> (artifact id: '481d9347b59ba9f4aabef4c1efe4612b') in 0.020213 seconds
  Import took 0.033021 seconds .

========================================================================
Received Import Request.
  Time since last request: 2.226811 seconds.
  path: Assets/Prefabs/Join Participent container inputfeild.prefab
  artifactKey: Guid(71b5c7d8338c8704faa95e7aaf7522cf) Importer(815301076,1909f56bfc062723c751e8b465ee728b)
Start importing Assets/Prefabs/Join Participent container inputfeild.prefab using Guid(71b5c7d8338c8704faa95e7aaf7522cf) Importer(815301076,1909f56bfc062723c751e8b465ee728b)  -> (artifact id: 'f371c01458aabcb13ab19cab6f62a067') in 0.026585 seconds
  Import took 0.032300 seconds .

========================================================================
Received Import Request.
  Time since last request: 1.384554 seconds.
  path: Assets/Prefabs/Join Participent container inputfeild.prefab
  artifactKey: Guid(71b5c7d8338c8704faa95e7aaf7522cf) Importer(815301076,1909f56bfc062723c751e8b465ee728b)
Start importing Assets/Prefabs/Join Participent container inputfeild.prefab using Guid(71b5c7d8338c8704faa95e7aaf7522cf) Importer(815301076,1909f56bfc062723c751e8b465ee728b)  -> (artifact id: 'b63abcbcedf5b5d0a85724c340e8edd3') in 0.030167 seconds
  Import took 0.035281 seconds .

========================================================================
Received Import Request.
  Time since last request: 62.788138 seconds.
  path: Assets/Prefabs/Join Participent container inputfeild.prefab
  artifactKey: Guid(71b5c7d8338c8704faa95e7aaf7522cf) Importer(815301076,1909f56bfc062723c751e8b465ee728b)
Start importing Assets/Prefabs/Join Participent container inputfeild.prefab using Guid(71b5c7d8338c8704faa95e7aaf7522cf) Importer(815301076,1909f56bfc062723c751e8b465ee728b)  -> (artifact id: 'b587fb08eb8ef8d8243117f23233292d') in 0.023286 seconds
  Import took 0.049258 seconds .

========================================================================
Received Prepare
Registering precompiled user dll's ...
Registered in 0.002440 seconds.
Begin MonoManager ReloadAssembly
Native extension for WindowsStandalone target not found
Native extension for WebGL target not found
Refreshing native plugins compatible for Editor in 3.95 ms, found 0 plugins.
Preloading 0 native plugins for Editor in 0.00 ms.
Invoked RoslynAnalysisRunner static constructor.
RoslynAnalysisRunner will not be running.
RoslynAnalysisRunner has terminated.
Mono: successfully reloaded assembly
- Completed reload, in  3.899 seconds
Platform modules already initialized, skipping
Refreshing native plugins compatible for Editor in 2.01 ms, found 0 plugins.
Preloading 0 native plugins for Editor in 0.00 ms.
Unloading 1512 Unused Serialized files (Serialized files now loaded: 0)
System memory in use before: 74.7 MB.
System memory in use after: 74.8 MB.

Unloading 10 unused Assets to reduce memory usage. Loaded Objects now: 1996.
Total: 9.535900 ms (FindLiveObjects: 0.889200 ms CreateObjectMapping: 0.342600 ms MarkObjects: 8.176800 ms  DeleteObjects: 0.117000 ms)

========================================================================
Received Import Request.
  Time since last request: 187.342875 seconds.
  path: Assets/Prefabs/Join Participent container inputfeild.prefab
  artifactKey: Guid(71b5c7d8338c8704faa95e7aaf7522cf) Importer(815301076,1909f56bfc062723c751e8b465ee728b)
Start importing Assets/Prefabs/Join Participent container inputfeild.prefab using Guid(71b5c7d8338c8704faa95e7aaf7522cf) Importer(815301076,1909f56bfc062723c751e8b465ee728b)  -> (artifact id: 'b18e9c8916939afe0699bcbb908252c7') in 0.191674 seconds
  Import took 0.210364 seconds .

========================================================================
Received Import Request.
  Time since last request: 9.193214 seconds.
  path: Assets/Prefabs/Join Participent container inputfeild.prefab
  artifactKey: Guid(71b5c7d8338c8704faa95e7aaf7522cf) Importer(815301076,1909f56bfc062723c751e8b465ee728b)
Start importing Assets/Prefabs/Join Participent container inputfeild.prefab using Guid(71b5c7d8338c8704faa95e7aaf7522cf) Importer(815301076,1909f56bfc062723c751e8b465ee728b)  -> (artifact id: '2ae0d0ba69af9bfe0048b06fcb916804') in 0.015730 seconds
  Import took 0.032322 seconds .

========================================================================
Received Prepare
Registering precompiled user dll's ...
Registered in 0.006637 seconds.
Begin MonoManager ReloadAssembly
Native extension for WindowsStandalone target not found
Native extension for WebGL target not found
Refreshing native plugins compatible for Editor in 0.91 ms, found 0 plugins.
Preloading 0 native plugins for Editor in 0.00 ms.
Invoked RoslynAnalysisRunner static constructor.
RoslynAnalysisRunner will not be running.
RoslynAnalysisRunner has terminated.
Mono: successfully reloaded assembly
- Completed reload, in  6.908 seconds
Platform modules already initialized, skipping
Refreshing native plugins compatible for Editor in 2.87 ms, found 0 plugins.
Preloading 0 native plugins for Editor in 0.00 ms.
Unloading 1512 Unused Serialized files (Serialized files now loaded: 0)
System memory in use before: 74.7 MB.
System memory in use after: 74.8 MB.

Unloading 10 unused Assets to reduce memory usage. Loaded Objects now: 1999.
Total: 14.096500 ms (FindLiveObjects: 5.628800 ms CreateObjectMapping: 1.657200 ms MarkObjects: 6.735400 ms  DeleteObjects: 0.072500 ms)

========================================================================
Received Prepare
Registering precompiled user dll's ...
Registered in 0.009635 seconds.
Begin MonoManager ReloadAssembly
Native extension for WindowsStandalone target not found
Native extension for WebGL target not found
Refreshing native plugins compatible for Editor in 0.54 ms, found 0 plugins.
Preloading 0 native plugins for Editor in 0.00 ms.
Invoked RoslynAnalysisRunner static constructor.
RoslynAnalysisRunner will not be running.
RoslynAnalysisRunner has terminated.
Mono: successfully reloaded assembly
- Completed reload, in  1.612 seconds
Platform modules already initialized, skipping
Refreshing native plugins compatible for Editor in 0.62 ms, found 0 plugins.
Preloading 0 native plugins for Editor in 0.00 ms.
Unloading 1512 Unused Serialized files (Serialized files now loaded: 0)
System memory in use before: 74.7 MB.
System memory in use after: 74.8 MB.

Unloading 9 unused Assets to reduce memory usage. Loaded Objects now: 2002.
Total: 5.905700 ms (FindLiveObjects: 1.450700 ms CreateObjectMapping: 0.652900 ms MarkObjects: 3.769000 ms  DeleteObjects: 0.026000 ms)

AssetImportWorkerClient::OnTransportError - code=2 error=End of file
