Using pre-set license
Built from '2020.3/staging' branch; Version is '2020.3.0f1 (c7b5465681fb) revision 13088070'; Using compiler version '192528614'; Build Type 'Release'
OS: 'Windows 10 Pro; OS build 18363.1316; Version 1909; 64bit' Language: 'en' Physical Memory: 10164 MB
BatchMode: 1, IsHumanControllingUs: 0, StartBugReporterOnCrash: 0, Is64bit: 1, IsPro: 0

 COMMAND LINE ARGUMENTS:
C:\Program Files\Unity\Hub\Editor\2019.4.22f1\Editor\2020.3.0f1\Editor\Unity.exe
-adb2
-batchMode
-noUpm
-name
AssetImportWorker2
-projectPath
D:/Work/Project/Jeopardy/JeopardyGame
-logFile
Logs/AssetImportWorker2.log
-srvPort
52484
Successfully changed project path to: D:/Work/Project/Jeopardy/JeopardyGame
D:/Work/Project/Jeopardy/JeopardyGame
Using Asset Import Pipeline V2.
Refreshing native plugins compatible for Editor in 47.52 ms, found 0 plugins.
Preloading 0 native plugins for Editor in 0.00 ms.
Initialize engine version: 2020.3.0f1 (c7b5465681fb)
[Subsystems] Discovering subsystems at path C:/Program Files/Unity/Hub/Editor/2019.4.22f1/Editor/2020.3.0f1/Editor/Data/Resources/UnitySubsystems
[Subsystems] Discovering subsystems at path D:/Work/Project/Jeopardy/JeopardyGame/Assets
GfxDevice: creating device client; threaded=0
Direct3D:
    Version:  Direct3D 11.0 [level 11.1]
    Renderer: Intel(R) HD Graphics 4600 (ID=0x412)
    Vendor:   
    VRAM:     2048 MB
    Driver:   20.19.15.5063
Initialize mono
Mono path[0] = 'C:/Program Files/Unity/Hub/Editor/2019.4.22f1/Editor/2020.3.0f1/Editor/Data/Managed'
Mono path[1] = 'C:/Program Files/Unity/Hub/Editor/2019.4.22f1/Editor/2020.3.0f1/Editor/Data/MonoBleedingEdge/lib/mono/unityjit'
Mono config path = 'C:/Program Files/Unity/Hub/Editor/2019.4.22f1/Editor/2020.3.0f1/Editor/Data/MonoBleedingEdge/etc'
Using monoOptions --debugger-agent=transport=dt_socket,embedding=1,server=y,suspend=n,address=127.0.0.1:56248
Begin MonoManager ReloadAssembly
Registering precompiled unity dll's ...
Register platform support module: C:/Program Files/Unity/Hub/Editor/2019.4.22f1/Editor/2020.3.0f1/Editor/Data/PlaybackEngines/WebGLSupport/UnityEditor.WebGL.Extensions.dll
Register platform support module: C:/Program Files/Unity/Hub/Editor/2019.4.22f1/Editor/2020.3.0f1/Editor/Data/PlaybackEngines/WindowsStandaloneSupport/UnityEditor.WindowsStandalone.Extensions.dll
Registered in 0.003497 seconds.
Native extension for WindowsStandalone target not found
Native extension for WebGL target not found
Refreshing native plugins compatible for Editor in 46.76 ms, found 0 plugins.
Preloading 0 native plugins for Editor in 0.00 ms.
Invoked RoslynAnalysisRunner static constructor.
RoslynAnalysisRunner will not be running.
RoslynAnalysisRunner has terminated.
Mono: successfully reloaded assembly
- Completed reload, in  1.876 seconds
Platform modules already initialized, skipping
Registering precompiled user dll's ...
Registered in 0.002284 seconds.
Begin MonoManager ReloadAssembly
Native extension for WindowsStandalone target not found
Native extension for WebGL target not found
Refreshing native plugins compatible for Editor in 0.52 ms, found 0 plugins.
Preloading 0 native plugins for Editor in 0.00 ms.
Invoked RoslynAnalysisRunner static constructor.
RoslynAnalysisRunner will not be running.
RoslynAnalysisRunner has terminated.
Find all reader and writers took 151 milliseconds
Script Module: UnityEngine.UI.dll
Weave behaviours and messages took104 milliseconds
Find all reader and writers took 84 milliseconds
Script Module: UnityEngine.TestRunner.dll
Weave behaviours and messages took21 milliseconds
Find all reader and writers took 84 milliseconds
Script Module: SimpleWebTransport.dll
Weave behaviours and messages took6 milliseconds
Find all reader and writers took 93 milliseconds
Script Module: Unity.Timeline.dll
Weave behaviours and messages took25 milliseconds
Find all reader and writers took 93 milliseconds
Script Module: Assembly-CSharp.dll
[ClientGameController] NetworkBehaviourProcessor
[MatchMaker] NetworkBehaviourProcessor
[NetworkLobbyController] NetworkBehaviourProcessor
[ServerGameController] NetworkBehaviourProcessor
[Player] NetworkBehaviourProcessor
[TurnManager] NetworkBehaviourProcessor
[GameContainer] NetworkBehaviourProcessor
[LobbyPanalController] NetworkBehaviourProcessor
Weave behaviours and messages took24 milliseconds
Find all reader and writers took 90 milliseconds
Script Module: Mirror.Components.dll
[NetworkAnimator] NetworkBehaviourProcessor
[NetworkRoomPlayer] NetworkBehaviourProcessor
[NetworkLobbyPlayer] NetworkBehaviourProcessor
[NetworkVisibility] NetworkBehaviourProcessor
[NetworkVisibility] Found NetworkBehaviour Mirror.NetworkVisibility
[NetworkVisibility] Process Start
[NetworkVisibility]   GenerateSerialization
[NetworkVisibility]   GenerateDeSerialization
[NetworkVisibility] Process Done
[NetworkMatchChecker] NetworkBehaviourProcessor
[NetworkVisibility] NetworkBehaviourProcessor
[NetworkProximityChecker] NetworkBehaviourProcessor
[NetworkRoomPlayer] NetworkBehaviourProcessor
[NetworkVisibility] NetworkBehaviourProcessor
[NetworkSceneChecker] NetworkBehaviourProcessor
[NetworkTransformBase] NetworkBehaviourProcessor
[NetworkTransform] NetworkBehaviourProcessor
[NetworkTransformBase] NetworkBehaviourProcessor
[NetworkTransformBase] NetworkBehaviourProcessor
[NetworkTransformChild] NetworkBehaviourProcessor
[NetworkLerpRigidbody] NetworkBehaviourProcessor
[NetworkRigidbody] NetworkBehaviourProcessor
[NetworkRigidbody2D] NetworkBehaviourProcessor
[NetworkTransformBase] NetworkBehaviourProcessor
[NetworkTransform] NetworkBehaviourProcessor
[NetworkTransformBase] NetworkBehaviourProcessor
[NetworkTransformBase] NetworkBehaviourProcessor
[NetworkTransformChild] NetworkBehaviourProcessor
Weave behaviours and messages took79 milliseconds
  ProcessSitesModule Mirror.Components.dll elapsed time:00:00:00.0139921
Find all reader and writers took 108 milliseconds
Script Module: Unity.TextMeshPro.dll
Weave behaviours and messages took60 milliseconds
Find all reader and writers took 74 milliseconds
Script Module: Telepathy.dll
Weave behaviours and messages took1 milliseconds
Find all reader and writers took 101 milliseconds
Script Module: Mirror.Authenticators.dll
Weave behaviours and messages took38 milliseconds
  ProcessSitesModule Mirror.Authenticators.dll elapsed time:00:00:00.0039976
Find all reader and writers took 84 milliseconds
Script Module: Mirror.Cloud.dll
Weave behaviours and messages took2 milliseconds
Find all reader and writers took 94 milliseconds
Script Module: kcp2k.dll
Weave behaviours and messages took3 milliseconds
Find all reader and writers took 99 milliseconds
Script Module: UnityEditor.TestRunner.dll
Weave behaviours and messages took29 milliseconds
Find all reader and writers took 271 milliseconds
Script Module: UnityEditor.UI.dll
Weave behaviours and messages took13 milliseconds
Find all reader and writers took 111 milliseconds
Script Module: Mirror.CompilerSymbols.dll
Weave behaviours and messages took0 milliseconds
Mono: successfully reloaded assembly
- Completed reload, in  6.730 seconds
Platform modules already initialized, skipping
========================================================================
Worker process is ready to serve import requests
Launched and connected shader compiler UnityShaderCompiler.exe after 0.25 seconds
Refreshing native plugins compatible for Editor in 0.67 ms, found 0 plugins.
Preloading 0 native plugins for Editor in 0.00 ms.
Unloading 1528 Unused Serialized files (Serialized files now loaded: 0)
System memory in use before: 72.0 MB.
System memory in use after: 72.1 MB.

Unloading 14 unused Assets to reduce memory usage. Loaded Objects now: 1967.
Total: 3.928600 ms (FindLiveObjects: 0.248000 ms CreateObjectMapping: 0.126500 ms MarkObjects: 3.418800 ms  DeleteObjects: 0.133700 ms)

========================================================================
Received Import Request.
  path: Assets/ScriptableObjects/Attributes/SettingsPanelFonts/TMPFontSettingsPanelToggleOnOffText.asset
  artifactKey: Guid(02a1aee37d02249ef8476e7e31f21375) Importer(815301076,1909f56bfc062723c751e8b465ee728b)
Start importing Assets/ScriptableObjects/Attributes/SettingsPanelFonts/TMPFontSettingsPanelToggleOnOffText.asset using Guid(02a1aee37d02249ef8476e7e31f21375) Importer(815301076,1909f56bfc062723c751e8b465ee728b)  -> (artifact id: 'ace4bda204095ebc5657440c9aac2bca') in 0.247711 seconds
  Import took 0.272251 seconds .

========================================================================
Received Import Request.
  Time since last request: 0.000260 seconds.
  path: Assets/ScriptableObjects/Attributes/SettingsPanelFonts/TMPFontSettingsPanelText.asset
  artifactKey: Guid(52ce443e237a142b1981262e26eff79c) Importer(815301076,1909f56bfc062723c751e8b465ee728b)
Start importing Assets/ScriptableObjects/Attributes/SettingsPanelFonts/TMPFontSettingsPanelText.asset using Guid(52ce443e237a142b1981262e26eff79c) Importer(815301076,1909f56bfc062723c751e8b465ee728b)  -> (artifact id: 'aa84ddd45b115fc9d999eab78ff80c97') in 0.269107 seconds
  Import took 0.288692 seconds .

========================================================================
Received Prepare
Registering precompiled user dll's ...
Registered in 0.002453 seconds.
Begin MonoManager ReloadAssembly
Native extension for WindowsStandalone target not found
Native extension for WebGL target not found
Refreshing native plugins compatible for Editor in 0.52 ms, found 0 plugins.
Preloading 0 native plugins for Editor in 0.00 ms.
Invoked RoslynAnalysisRunner static constructor.
RoslynAnalysisRunner will not be running.
RoslynAnalysisRunner has terminated.
Mono: successfully reloaded assembly
- Completed reload, in  1.328 seconds
Platform modules already initialized, skipping
Refreshing native plugins compatible for Editor in 0.55 ms, found 0 plugins.
Preloading 0 native plugins for Editor in 0.00 ms.
Unloading 1512 Unused Serialized files (Serialized files now loaded: 0)
System memory in use before: 71.5 MB.
System memory in use after: 71.6 MB.

Unloading 9 unused Assets to reduce memory usage. Loaded Objects now: 1970.
Total: 2.539200 ms (FindLiveObjects: 0.221400 ms CreateObjectMapping: 0.123100 ms MarkObjects: 2.168700 ms  DeleteObjects: 0.021900 ms)

========================================================================
Received Import Request.
  Time since last request: 4770.881635 seconds.
  path: Assets/ScriptableObjects/Attributes/PlayerBoardFonts/TMPFontPlayerBoardIndicatorNumber.asset
  artifactKey: Guid(6515a71bcd4e842b3a30df938bbe7d0b) Importer(815301076,1909f56bfc062723c751e8b465ee728b)
Start importing Assets/ScriptableObjects/Attributes/PlayerBoardFonts/TMPFontPlayerBoardIndicatorNumber.asset using Guid(6515a71bcd4e842b3a30df938bbe7d0b) Importer(815301076,1909f56bfc062723c751e8b465ee728b)  -> (artifact id: '3f032600cfd9a68acd2f30d6021d77f9') in 0.069812 seconds
  Import took 0.074664 seconds .

========================================================================
Received Import Request.
  Time since last request: 0.000255 seconds.
  path: Assets/ScriptableObjects/Attributes/PlayerBoardFonts/TMPFontPlayerBoardQuestionText.asset
  artifactKey: Guid(aaa8ed85e0e6947c2b69c68da9e3ac26) Importer(815301076,1909f56bfc062723c751e8b465ee728b)
Start importing Assets/ScriptableObjects/Attributes/PlayerBoardFonts/TMPFontPlayerBoardQuestionText.asset using Guid(aaa8ed85e0e6947c2b69c68da9e3ac26) Importer(815301076,1909f56bfc062723c751e8b465ee728b)  -> (artifact id: '7ed41a048aa32301e783d3c5ab938a1b') in 0.116086 seconds
  Import took 0.120352 seconds .

========================================================================
Received Import Request.
  Time since last request: 0.000232 seconds.
  path: Assets/ScriptableObjects/Attributes/PlayerBoardFonts/TMPFontPlayerBoardWinnerAmount.asset
  artifactKey: Guid(de8da6025c7544e05b3c2c7c6f4b9d48) Importer(815301076,1909f56bfc062723c751e8b465ee728b)
Start importing Assets/ScriptableObjects/Attributes/PlayerBoardFonts/TMPFontPlayerBoardWinnerAmount.asset using Guid(de8da6025c7544e05b3c2c7c6f4b9d48) Importer(815301076,1909f56bfc062723c751e8b465ee728b)  -> (artifact id: 'b454290bea76bfd31fb2952582aef804') in 0.018510 seconds
  Import took 0.023128 seconds .

========================================================================
Received Import Request.
  Time since last request: 0.000269 seconds.
  path: Assets/ScriptableObjects/Attributes/PlayerBoardFonts/TMPFontPlayerBoardQuestionText.asset
  artifactKey: Guid(aaa8ed85e0e6947c2b69c68da9e3ac26) Importer(815301076,1909f56bfc062723c751e8b465ee728b)
Start importing Assets/ScriptableObjects/Attributes/PlayerBoardFonts/TMPFontPlayerBoardQuestionText.asset using Guid(aaa8ed85e0e6947c2b69c68da9e3ac26) Importer(815301076,1909f56bfc062723c751e8b465ee728b)  -> (artifact id: '7ed41a048aa32301e783d3c5ab938a1b') in 0.013274 seconds
  Import took 0.017816 seconds .

========================================================================
Received Import Request.
  Time since last request: 0.000235 seconds.
  path: Assets/ScriptableObjects/Attributes/PlayerBoardFonts/TMPFontPlayerSlotAmount.asset
  artifactKey: Guid(8bb6cbc2891004eda9ebea694bbeb2f0) Importer(815301076,1909f56bfc062723c751e8b465ee728b)
Start importing Assets/ScriptableObjects/Attributes/PlayerBoardFonts/TMPFontPlayerSlotAmount.asset using Guid(8bb6cbc2891004eda9ebea694bbeb2f0) Importer(815301076,1909f56bfc062723c751e8b465ee728b)  -> (artifact id: 'db073a446e03a6dd78b792d18f1e0c45') in 0.019523 seconds
  Import took 0.023821 seconds .

========================================================================
Received Import Request.
  Time since last request: 0.000228 seconds.
  path: Assets/ScriptableObjects/Attributes/PlayerBoardFonts/TMPFontPlayerBoardIndicatorNumber.asset
  artifactKey: Guid(6515a71bcd4e842b3a30df938bbe7d0b) Importer(815301076,1909f56bfc062723c751e8b465ee728b)
Start importing Assets/ScriptableObjects/Attributes/PlayerBoardFonts/TMPFontPlayerBoardIndicatorNumber.asset using Guid(6515a71bcd4e842b3a30df938bbe7d0b) Importer(815301076,1909f56bfc062723c751e8b465ee728b)  -> (artifact id: '3f032600cfd9a68acd2f30d6021d77f9') in 0.040696 seconds
  Import took 0.044630 seconds .

========================================================================
Received Import Request.
  Time since last request: 0.000286 seconds.
  path: Assets/ScriptableObjects/Attributes/PlayerBoardFonts/TMPFontPlayerBoardTimer.asset
  artifactKey: Guid(df8e26019f18640058abed0ae4849d8c) Importer(815301076,1909f56bfc062723c751e8b465ee728b)
Start importing Assets/ScriptableObjects/Attributes/PlayerBoardFonts/TMPFontPlayerBoardTimer.asset using Guid(df8e26019f18640058abed0ae4849d8c) Importer(815301076,1909f56bfc062723c751e8b465ee728b)  -> (artifact id: 'af235eadf2a167e7cbdb6f2b781eee08') in 0.028392 seconds
  Import took 0.034021 seconds .

========================================================================
Received Import Request.
  Time since last request: 0.000241 seconds.
  path: Assets/ScriptableObjects/Attributes/PlayerBoardFonts/TMPFontPlayerSlotName.asset
  artifactKey: Guid(65b1247cae37c40719fd398a953f212e) Importer(815301076,1909f56bfc062723c751e8b465ee728b)
Start importing Assets/ScriptableObjects/Attributes/PlayerBoardFonts/TMPFontPlayerSlotName.asset using Guid(65b1247cae37c40719fd398a953f212e) Importer(815301076,1909f56bfc062723c751e8b465ee728b)  -> (artifact id: 'b81eddf2aea398b870cd6debf6d4bcf8') in 0.018973 seconds
  Import took 0.025281 seconds .

========================================================================
Received Import Request.
  Time since last request: 0.000700 seconds.
  path: Assets/ScriptableObjects/Attributes/PlayerBoardFonts/TMPFontPlayerBoardQuestionTextVariation.asset
  artifactKey: Guid(64b626e4b828447aeac04d725e6dde20) Importer(815301076,1909f56bfc062723c751e8b465ee728b)
Start importing Assets/ScriptableObjects/Attributes/PlayerBoardFonts/TMPFontPlayerBoardQuestionTextVariation.asset using Guid(64b626e4b828447aeac04d725e6dde20) Importer(815301076,1909f56bfc062723c751e8b465ee728b)  -> (artifact id: '629e5a6f9a20e77c58cd98d565bc386d') in 0.020873 seconds
  Import took 0.025216 seconds .

========================================================================
Received Import Request.
  Time since last request: 0.000227 seconds.
  path: Assets/ScriptableObjects/Attributes/PlayerBoardFonts/TMPFontPlayerBoardWinnerName.asset
  artifactKey: Guid(679141fc18d5c4c83a05dbcfe6a9032f) Importer(815301076,1909f56bfc062723c751e8b465ee728b)
Start importing Assets/ScriptableObjects/Attributes/PlayerBoardFonts/TMPFontPlayerBoardWinnerName.asset using Guid(679141fc18d5c4c83a05dbcfe6a9032f) Importer(815301076,1909f56bfc062723c751e8b465ee728b)  -> (artifact id: '6f2f0cda34536117b0395b3dd4d67d0d') in 0.018858 seconds
  Import took 0.023096 seconds .

========================================================================
Received Prepare
Refreshing native plugins compatible for Editor in 3.18 ms, found 0 plugins.
Preloading 0 native plugins for Editor in 0.00 ms.
Unloading 8 Unused Serialized files (Serialized files now loaded: 0)
System memory in use before: 41.8 MB.
System memory in use after: 41.9 MB.

Unloading 7 unused Assets to reduce memory usage. Loaded Objects now: 1970.
Total: 4.154700 ms (FindLiveObjects: 0.255100 ms CreateObjectMapping: 0.138500 ms MarkObjects: 3.733100 ms  DeleteObjects: 0.026000 ms)

========================================================================
Received Prepare
Registering precompiled user dll's ...
Registered in 0.008006 seconds.
Begin MonoManager ReloadAssembly
Native extension for WindowsStandalone target not found
Native extension for WebGL target not found
Refreshing native plugins compatible for Editor in 2.35 ms, found 0 plugins.
Preloading 0 native plugins for Editor in 0.00 ms.
Invoked RoslynAnalysisRunner static constructor.
RoslynAnalysisRunner will not be running.
RoslynAnalysisRunner has terminated.
Mono: successfully reloaded assembly
- Completed reload, in 13.416 seconds
Platform modules already initialized, skipping
Refreshing native plugins compatible for Editor in 20.05 ms, found 0 plugins.
Preloading 0 native plugins for Editor in 0.00 ms.
Unloading 1512 Unused Serialized files (Serialized files now loaded: 0)
System memory in use before: 71.5 MB.
System memory in use after: 71.6 MB.

Unloading 9 unused Assets to reduce memory usage. Loaded Objects now: 1973.
Total: 61.938500 ms (FindLiveObjects: 2.075500 ms CreateObjectMapping: 0.718100 ms MarkObjects: 59.032900 ms  DeleteObjects: 0.104400 ms)

