Using pre-set license
Built from '2020.3/staging' branch; Version is '2020.3.0f1 (c7b5465681fb) revision 13088070'; Using compiler version '192528614'; Build Type 'Release'
OS: 'Windows 10 Pro; OS build 18363.1316; Version 1909; 64bit' Language: 'en' Physical Memory: 10164 MB
BatchMode: 1, IsHumanControllingUs: 0, StartBugReporterOnCrash: 0, Is64bit: 1, IsPro: 0

 COMMAND LINE ARGUMENTS:
C:\Program Files\Unity\Hub\Editor\2019.4.22f1\Editor\2020.3.0f1\Editor\Unity.exe
-adb2
-batchMode
-noUpm
-name
AssetImportWorker0
-projectPath
D:/Work/Project/Jeopardy/Latest-Jeopardy-Game-master
-logFile
Logs/AssetImportWorker0.log
-srvPort
51130
Successfully changed project path to: D:/Work/Project/Jeopardy/Latest-Jeopardy-Game-master
D:/Work/Project/Jeopardy/Latest-Jeopardy-Game-master
Using Asset Import Pipeline V2.
Refreshing native plugins compatible for Editor in 58.47 ms, found 0 plugins.
Preloading 0 native plugins for Editor in 0.00 ms.
Initialize engine version: 2020.3.0f1 (c7b5465681fb)
[Subsystems] Discovering subsystems at path C:/Program Files/Unity/Hub/Editor/2019.4.22f1/Editor/2020.3.0f1/Editor/Data/Resources/UnitySubsystems
[Subsystems] Discovering subsystems at path D:/Work/Project/Jeopardy/Latest-Jeopardy-Game-master/Assets
GfxDevice: creating device client; threaded=0
Direct3D:
    Version:  Direct3D 11.0 [level 11.1]
    Renderer: Intel(R) HD Graphics 4600 (ID=0x412)
    Vendor:   
    VRAM:     2048 MB
    Driver:   20.19.15.5063
Initialize mono
Mono path[0] = 'C:/Program Files/Unity/Hub/Editor/2019.4.22f1/Editor/2020.3.0f1/Editor/Data/Managed'
Mono path[1] = 'C:/Program Files/Unity/Hub/Editor/2019.4.22f1/Editor/2020.3.0f1/Editor/Data/MonoBleedingEdge/lib/mono/unityjit'
Mono config path = 'C:/Program Files/Unity/Hub/Editor/2019.4.22f1/Editor/2020.3.0f1/Editor/Data/MonoBleedingEdge/etc'
Using monoOptions --debugger-agent=transport=dt_socket,embedding=1,server=y,suspend=n,address=127.0.0.1:56044
Begin MonoManager ReloadAssembly
Registering precompiled unity dll's ...
Register platform support module: C:/Program Files/Unity/Hub/Editor/2019.4.22f1/Editor/2020.3.0f1/Editor/Data/PlaybackEngines/WebGLSupport/UnityEditor.WebGL.Extensions.dll
Register platform support module: C:/Program Files/Unity/Hub/Editor/2019.4.22f1/Editor/2020.3.0f1/Editor/Data/PlaybackEngines/WindowsStandaloneSupport/UnityEditor.WindowsStandalone.Extensions.dll
Registered in 0.003274 seconds.
Native extension for WindowsStandalone target not found
Native extension for WebGL target not found
Refreshing native plugins compatible for Editor in 70.76 ms, found 0 plugins.
Preloading 0 native plugins for Editor in 0.00 ms.
Invoked RoslynAnalysisRunner static constructor.
RoslynAnalysisRunner will not be running.
RoslynAnalysisRunner has terminated.
Mono: successfully reloaded assembly
- Completed reload, in  2.581 seconds
Platform modules already initialized, skipping
Registering precompiled user dll's ...
Registered in 0.026135 seconds.
Begin MonoManager ReloadAssembly
Native extension for WindowsStandalone target not found
Native extension for WebGL target not found
Refreshing native plugins compatible for Editor in 1.75 ms, found 0 plugins.
Preloading 0 native plugins for Editor in 0.00 ms.
Invoked RoslynAnalysisRunner static constructor.
RoslynAnalysisRunner will not be running.
RoslynAnalysisRunner has terminated.
Find all reader and writers took 229 milliseconds
Script Module: UnityEngine.UI.dll
Weave behaviours and messages took119 milliseconds
Find all reader and writers took 130 milliseconds
Script Module: UnityEngine.TestRunner.dll
Weave behaviours and messages took29 milliseconds
Find all reader and writers took 107 milliseconds
Script Module: SimpleWebTransport.dll
Weave behaviours and messages took6 milliseconds
Find all reader and writers took 117 milliseconds
Script Module: Unity.Timeline.dll
Weave behaviours and messages took35 milliseconds
Find all reader and writers took 105 milliseconds
Script Module: Assembly-CSharp.dll
[ClientGameController] NetworkBehaviourProcessor
[MatchMaker] NetworkBehaviourProcessor
[NetworkLobbyController] NetworkBehaviourProcessor
[ServerGameController] NetworkBehaviourProcessor
[Player] NetworkBehaviourProcessor
[TurnManager] NetworkBehaviourProcessor
[GameContainer] NetworkBehaviourProcessor
[LobbyPanalController] NetworkBehaviourProcessor
Weave behaviours and messages took30 milliseconds
Find all reader and writers took 117 milliseconds
Script Module: Mirror.Components.dll
[NetworkAnimator] NetworkBehaviourProcessor
[NetworkRoomPlayer] NetworkBehaviourProcessor
[NetworkLobbyPlayer] NetworkBehaviourProcessor
[NetworkVisibility] NetworkBehaviourProcessor
[NetworkVisibility] Found NetworkBehaviour Mirror.NetworkVisibility
[NetworkVisibility] Process Start
[NetworkVisibility]   GenerateSerialization
[NetworkVisibility]   GenerateDeSerialization
[NetworkVisibility] Process Done
[NetworkMatchChecker] NetworkBehaviourProcessor
[NetworkVisibility] NetworkBehaviourProcessor
[NetworkProximityChecker] NetworkBehaviourProcessor
[NetworkRoomPlayer] NetworkBehaviourProcessor
[NetworkVisibility] NetworkBehaviourProcessor
[NetworkSceneChecker] NetworkBehaviourProcessor
[NetworkTransformBase] NetworkBehaviourProcessor
[NetworkTransform] NetworkBehaviourProcessor
[NetworkTransformBase] NetworkBehaviourProcessor
[NetworkTransformBase] NetworkBehaviourProcessor
[NetworkTransformChild] NetworkBehaviourProcessor
[NetworkLerpRigidbody] NetworkBehaviourProcessor
[NetworkRigidbody] NetworkBehaviourProcessor
[NetworkRigidbody2D] NetworkBehaviourProcessor
[NetworkTransformBase] NetworkBehaviourProcessor
[NetworkTransform] NetworkBehaviourProcessor
[NetworkTransformBase] NetworkBehaviourProcessor
[NetworkTransformBase] NetworkBehaviourProcessor
[NetworkTransformChild] NetworkBehaviourProcessor
Weave behaviours and messages took129 milliseconds
  ProcessSitesModule Mirror.Components.dll elapsed time:00:00:00.0189898
Find all reader and writers took 153 milliseconds
Script Module: Unity.TextMeshPro.dll
Weave behaviours and messages took154 milliseconds
Find all reader and writers took 110 milliseconds
Script Module: Telepathy.dll
Weave behaviours and messages took1 milliseconds
Find all reader and writers took 105 milliseconds
Script Module: Mirror.Authenticators.dll
Weave behaviours and messages took86 milliseconds
  ProcessSitesModule Mirror.Authenticators.dll elapsed time:00:00:00.0070017
Find all reader and writers took 136 milliseconds
Script Module: Mirror.Cloud.dll
Weave behaviours and messages took3 milliseconds
Find all reader and writers took 101 milliseconds
Script Module: kcp2k.dll
Weave behaviours and messages took5 milliseconds
Find all reader and writers took 174 milliseconds
Script Module: UnityEditor.TestRunner.dll
Weave behaviours and messages took78 milliseconds
Find all reader and writers took 136 milliseconds
Script Module: UnityEditor.UI.dll
Weave behaviours and messages took14 milliseconds
Find all reader and writers took 89 milliseconds
Script Module: Mirror.CompilerSymbols.dll
Weave behaviours and messages took0 milliseconds
Mono: successfully reloaded assembly
- Completed reload, in  8.141 seconds
Platform modules already initialized, skipping
========================================================================
Worker process is ready to serve import requests
Launched and connected shader compiler UnityShaderCompiler.exe after 0.06 seconds
Refreshing native plugins compatible for Editor in 0.67 ms, found 0 plugins.
Preloading 0 native plugins for Editor in 0.00 ms.
Unloading 1528 Unused Serialized files (Serialized files now loaded: 0)
System memory in use before: 72.1 MB.
System memory in use after: 72.2 MB.

Unloading 14 unused Assets to reduce memory usage. Loaded Objects now: 1967.
Total: 8.167000 ms (FindLiveObjects: 1.009100 ms CreateObjectMapping: 1.242400 ms MarkObjects: 5.820600 ms  DeleteObjects: 0.092300 ms)

========================================================================
Received Import Request.
  path: Assets/Scenes/Lobby.unity
  artifactKey: Guid(0cc590d1ddfc3b94e8251d6aa7c0218f) Importer(815301076,1909f56bfc062723c751e8b465ee728b)
Start importing Assets/Scenes/Lobby.unity using Guid(0cc590d1ddfc3b94e8251d6aa7c0218f) Importer(815301076,1909f56bfc062723c751e8b465ee728b)  -> (artifact id: '09b3ce36b1d80bf0b5400fd12e4fda6a') in 0.020510 seconds
  Import took 0.031062 seconds .

========================================================================
Received Import Request.
  Time since last request: 347.119860 seconds.
  path: Assets/Prefabs/Host Participent container.prefab
  artifactKey: Guid(4a6458520ef1ed642832fc87e1b17cf0) Importer(815301076,1909f56bfc062723c751e8b465ee728b)
Start importing Assets/Prefabs/Host Participent container.prefab using Guid(4a6458520ef1ed642832fc87e1b17cf0) Importer(815301076,1909f56bfc062723c751e8b465ee728b)  -> (artifact id: 'aaf7359273ccca4dc954607135d3cd09') in 0.113051 seconds
  Import took 0.118649 seconds .

========================================================================
Received Import Request.
  Time since last request: 14.833408 seconds.
  path: Assets/Prefabs/IFhostcontainer.prefab
  artifactKey: Guid(bcf599d225e812f48a3d46377fb3704f) Importer(815301076,1909f56bfc062723c751e8b465ee728b)
Start importing Assets/Prefabs/IFhostcontainer.prefab using Guid(bcf599d225e812f48a3d46377fb3704f) Importer(815301076,1909f56bfc062723c751e8b465ee728b)  -> (artifact id: '49a1e1648bf61cb643fa517e8e583889') in 0.043624 seconds
  Import took 0.049473 seconds .

========================================================================
Received Import Request.
  Time since last request: 14.646633 seconds.
  path: Assets/Prefabs/IFhostcontainer.prefab
  artifactKey: Guid(bcf599d225e812f48a3d46377fb3704f) Importer(815301076,1909f56bfc062723c751e8b465ee728b)
Start importing Assets/Prefabs/IFhostcontainer.prefab using Guid(bcf599d225e812f48a3d46377fb3704f) Importer(815301076,1909f56bfc062723c751e8b465ee728b)  -> (artifact id: '004013e9f1297d376151622a11a3cf74') in 0.016149 seconds
  Import took 0.022400 seconds .

========================================================================
Received Import Request.
  Time since last request: 95.619260 seconds.
  path: Assets/Prefabs/Side Cont.prefab
  artifactKey: Guid(d257c7d9a0aa58f4fb17fc87006271c5) Importer(815301076,1909f56bfc062723c751e8b465ee728b)
Start importing Assets/Prefabs/Side Cont.prefab using Guid(d257c7d9a0aa58f4fb17fc87006271c5) Importer(815301076,1909f56bfc062723c751e8b465ee728b)  -> (artifact id: '35d1403c2df9f46cc1a7ae33b949fff9') in 0.262426 seconds
  Import took 0.266865 seconds .

========================================================================
Received Import Request.
  Time since last request: 0.000261 seconds.
  path: Assets/Prefabs/Text (TMP).prefab
  artifactKey: Guid(bc6f879d49be97d41bd385170ea20fe0) Importer(815301076,1909f56bfc062723c751e8b465ee728b)
Start importing Assets/Prefabs/Text (TMP).prefab using Guid(bc6f879d49be97d41bd385170ea20fe0) Importer(815301076,1909f56bfc062723c751e8b465ee728b)  -> (artifact id: '585f33531644fee23243af6185788aab') in 0.030779 seconds
  Import took 0.034318 seconds .

========================================================================
Received Import Request.
  Time since last request: 0.000253 seconds.
  path: Assets/Prefabs/Toggle.prefab
  artifactKey: Guid(db2f840d78d751b4ab3eef5c0e5fc97f) Importer(815301076,1909f56bfc062723c751e8b465ee728b)
Start importing Assets/Prefabs/Toggle.prefab using Guid(db2f840d78d751b4ab3eef5c0e5fc97f) Importer(815301076,1909f56bfc062723c751e8b465ee728b)  -> (artifact id: '95dc55213967b2a54507b5365e1c9900') in 0.036767 seconds
  Import took 0.052029 seconds .

========================================================================
Received Import Request.
  Time since last request: 0.000232 seconds.
  path: Assets/Prefabs/View Scroll.prefab
  artifactKey: Guid(c122050d6ee9ddd4296a6c804acbe3de) Importer(815301076,1909f56bfc062723c751e8b465ee728b)
Start importing Assets/Prefabs/View Scroll.prefab using Guid(c122050d6ee9ddd4296a6c804acbe3de) Importer(815301076,1909f56bfc062723c751e8b465ee728b)  -> (artifact id: '6487933f07a2b8b9530a1ba55ec82830') in 0.140553 seconds
  Import took 0.153305 seconds .

========================================================================
Received Prepare
Registering precompiled user dll's ...
Registered in 0.004194 seconds.
Begin MonoManager ReloadAssembly
Native extension for WindowsStandalone target not found
Native extension for WebGL target not found
Refreshing native plugins compatible for Editor in 1.08 ms, found 0 plugins.
Preloading 0 native plugins for Editor in 0.00 ms.
Invoked RoslynAnalysisRunner static constructor.
RoslynAnalysisRunner will not be running.
RoslynAnalysisRunner has terminated.
Mono: successfully reloaded assembly
- Completed reload, in  1.633 seconds
Platform modules already initialized, skipping
Refreshing native plugins compatible for Editor in 0.70 ms, found 0 plugins.
Preloading 0 native plugins for Editor in 0.00 ms.
Unloading 1512 Unused Serialized files (Serialized files now loaded: 0)
System memory in use before: 71.8 MB.
System memory in use after: 71.9 MB.

Unloading 10 unused Assets to reduce memory usage. Loaded Objects now: 1972.
Total: 4.141100 ms (FindLiveObjects: 0.210700 ms CreateObjectMapping: 0.074100 ms MarkObjects: 3.807500 ms  DeleteObjects: 0.045300 ms)

========================================================================
Received Prepare
Refreshing native plugins compatible for Editor in 2.55 ms, found 0 plugins.
Preloading 0 native plugins for Editor in 0.00 ms.
Unloading 8 Unused Serialized files (Serialized files now loaded: 0)
System memory in use before: 41.6 MB.
System memory in use after: 41.7 MB.

Unloading 7 unused Assets to reduce memory usage. Loaded Objects now: 1972.
Total: 23.465800 ms (FindLiveObjects: 12.769300 ms CreateObjectMapping: 0.266200 ms MarkObjects: 10.395200 ms  DeleteObjects: 0.026900 ms)

========================================================================
Received Prepare
Refreshing native plugins compatible for Editor in 2.76 ms, found 0 plugins.
Preloading 0 native plugins for Editor in 0.00 ms.
Unloading 8 Unused Serialized files (Serialized files now loaded: 0)
System memory in use before: 41.6 MB.
System memory in use after: 41.7 MB.

Unloading 7 unused Assets to reduce memory usage. Loaded Objects now: 1972.
Total: 3.237300 ms (FindLiveObjects: 0.285000 ms CreateObjectMapping: 0.308600 ms MarkObjects: 2.625600 ms  DeleteObjects: 0.017200 ms)

========================================================================
Received Import Request.
  Time since last request: 1539.229033 seconds.
  path: Assets/Scenes/Start.unity
  artifactKey: Guid(674f929c7af05274e931ad6f6758cc8c) Importer(815301076,1909f56bfc062723c751e8b465ee728b)
Start importing Assets/Scenes/Start.unity using Guid(674f929c7af05274e931ad6f6758cc8c) Importer(815301076,1909f56bfc062723c751e8b465ee728b)  -> (artifact id: '429b5faad59f155bec25a1bd0639aa67') in 0.016645 seconds
  Import took 0.037445 seconds .

========================================================================
Received Prepare
Registering precompiled user dll's ...
Registered in 0.005948 seconds.
Begin MonoManager ReloadAssembly
Native extension for WindowsStandalone target not found
Native extension for WebGL target not found
Refreshing native plugins compatible for Editor in 0.50 ms, found 0 plugins.
Preloading 0 native plugins for Editor in 0.00 ms.
Invoked RoslynAnalysisRunner static constructor.
RoslynAnalysisRunner will not be running.
RoslynAnalysisRunner has terminated.
Mono: successfully reloaded assembly
- Completed reload, in  1.125 seconds
Platform modules already initialized, skipping
Refreshing native plugins compatible for Editor in 0.60 ms, found 0 plugins.
Preloading 0 native plugins for Editor in 0.00 ms.
Unloading 1512 Unused Serialized files (Serialized files now loaded: 0)
System memory in use before: 71.9 MB.
System memory in use after: 72.0 MB.

Unloading 9 unused Assets to reduce memory usage. Loaded Objects now: 1975.
Total: 2.247500 ms (FindLiveObjects: 0.187100 ms CreateObjectMapping: 0.071300 ms MarkObjects: 1.969300 ms  DeleteObjects: 0.018400 ms)

========================================================================
Received Import Request.
  Time since last request: 125.168984 seconds.
  path: Assets/ScriptableObjects/Attributes/LeaderBoardPanleFonts/TMPFontLeaderboardPlayerAmount.asset
  artifactKey: Guid(9a062557324564ea38ad2b5656d9cc8c) Importer(815301076,1909f56bfc062723c751e8b465ee728b)
Start importing Assets/ScriptableObjects/Attributes/LeaderBoardPanleFonts/TMPFontLeaderboardPlayerAmount.asset using Guid(9a062557324564ea38ad2b5656d9cc8c) Importer(815301076,1909f56bfc062723c751e8b465ee728b)  -> (artifact id: '7762bef3b0d24a635e35034740dbb87f') in 0.049851 seconds
  Import took 0.054647 seconds .

========================================================================
Received Import Request.
  Time since last request: 0.000269 seconds.
  path: Assets/ScriptableObjects/Attributes/LeaderBoardPanleFonts/TMPFontLeaderboardText.asset
  artifactKey: Guid(eaf87cd4935864eb495ce594b9fefd2b) Importer(815301076,1909f56bfc062723c751e8b465ee728b)
Start importing Assets/ScriptableObjects/Attributes/LeaderBoardPanleFonts/TMPFontLeaderboardText.asset using Guid(eaf87cd4935864eb495ce594b9fefd2b) Importer(815301076,1909f56bfc062723c751e8b465ee728b)  -> (artifact id: 'c32e788fb4142498739cff5d8a6579f9') in 0.041624 seconds
  Import took 0.045999 seconds .

========================================================================
Received Import Request.
  Time since last request: 0.000240 seconds.
  path: Assets/ScriptableObjects/Attributes/LeaderBoardPanleFonts/TMPFontLeaderboardPlayerName.asset
  artifactKey: Guid(b8f192747e7244d2aaa0f8e9677a8956) Importer(815301076,1909f56bfc062723c751e8b465ee728b)
Start importing Assets/ScriptableObjects/Attributes/LeaderBoardPanleFonts/TMPFontLeaderboardPlayerName.asset using Guid(b8f192747e7244d2aaa0f8e9677a8956) Importer(815301076,1909f56bfc062723c751e8b465ee728b)  -> (artifact id: '63bc88131829fb1400c27f02ebf86b62') in 0.021226 seconds
  Import took 0.045397 seconds .

========================================================================
Received Import Request.
  Time since last request: 0.000218 seconds.
  path: Assets/ScriptableObjects/Attributes/LeaderBoardPanleFonts/TMPFontLeaderboardPlayerNumber.asset
  artifactKey: Guid(fa005c80fc8364d9593dc52b4fd00d9b) Importer(815301076,1909f56bfc062723c751e8b465ee728b)
Start importing Assets/ScriptableObjects/Attributes/LeaderBoardPanleFonts/TMPFontLeaderboardPlayerNumber.asset using Guid(fa005c80fc8364d9593dc52b4fd00d9b) Importer(815301076,1909f56bfc062723c751e8b465ee728b)  -> (artifact id: 'c6b0f248d9db00dd0a3bdae4bfef0662') in 0.016597 seconds
  Import took 0.020069 seconds .

========================================================================
Received Import Request.
  Time since last request: 0.000049 seconds.
  path: Assets/ScriptableObjects/Attributes/LeaderBoardPanleFonts/TMPFontLeaderboardFirstPlacePlayerAmount.asset
  artifactKey: Guid(e19f4613bc11b42f185e38a2405fbe6c) Importer(815301076,1909f56bfc062723c751e8b465ee728b)
Start importing Assets/ScriptableObjects/Attributes/LeaderBoardPanleFonts/TMPFontLeaderboardFirstPlacePlayerAmount.asset using Guid(e19f4613bc11b42f185e38a2405fbe6c) Importer(815301076,1909f56bfc062723c751e8b465ee728b)  -> (artifact id: '7630066d8f7ca85e9e70e2a6a3441235') in 0.018929 seconds
  Import took 0.024646 seconds .

========================================================================
Received Import Request.
  Time since last request: 0.000238 seconds.
  path: Assets/ScriptableObjects/Attributes/LeaderBoardPanleFonts/TMPFontLeaderboardFirstPlacePlayerNumber.asset
  artifactKey: Guid(9451c5aaf392548a99dc62268214ab59) Importer(815301076,1909f56bfc062723c751e8b465ee728b)
Start importing Assets/ScriptableObjects/Attributes/LeaderBoardPanleFonts/TMPFontLeaderboardFirstPlacePlayerNumber.asset using Guid(9451c5aaf392548a99dc62268214ab59) Importer(815301076,1909f56bfc062723c751e8b465ee728b)  -> (artifact id: 'b9ccef043a63dca6219686de52266b9d') in 0.019727 seconds
  Import took 0.053790 seconds .

========================================================================
Received Import Request.
  Time since last request: 0.000200 seconds.
  path: Assets/ScriptableObjects/Attributes/LeaderBoardPanleFonts/TMPFontLeaderboardFirstPlacePlayerName.asset
  artifactKey: Guid(9a2a11a836b884825bc89bcf521f0c46) Importer(815301076,1909f56bfc062723c751e8b465ee728b)
Start importing Assets/ScriptableObjects/Attributes/LeaderBoardPanleFonts/TMPFontLeaderboardFirstPlacePlayerName.asset using Guid(9a2a11a836b884825bc89bcf521f0c46) Importer(815301076,1909f56bfc062723c751e8b465ee728b)  -> (artifact id: '8a574139932a07d343a8a346712a592a') in 0.016433 seconds
  Import took 0.019888 seconds .

========================================================================
Received Import Request.
  Time since last request: 32.647888 seconds.
  path: Assets/ScriptableObjects/Attributes/LeaderBoardPanleFonts/TMPFontLeaderboardPlayerNumber.asset
  artifactKey: Guid(fa005c80fc8364d9593dc52b4fd00d9b) Importer(815301076,1909f56bfc062723c751e8b465ee728b)
Start importing Assets/ScriptableObjects/Attributes/LeaderBoardPanleFonts/TMPFontLeaderboardPlayerNumber.asset using Guid(fa005c80fc8364d9593dc52b4fd00d9b) Importer(815301076,1909f56bfc062723c751e8b465ee728b)  -> (artifact id: '4877abe5d71333a5dd0dac44417f5618') in 0.034029 seconds
  Import took 0.060255 seconds .

========================================================================
Received Prepare
Registering precompiled user dll's ...
Registered in 0.002375 seconds.
Begin MonoManager ReloadAssembly
Native extension for WindowsStandalone target not found
Native extension for WebGL target not found
Refreshing native plugins compatible for Editor in 0.51 ms, found 0 plugins.
Preloading 0 native plugins for Editor in 0.00 ms.
Invoked RoslynAnalysisRunner static constructor.
RoslynAnalysisRunner will not be running.
RoslynAnalysisRunner has terminated.
Mono: successfully reloaded assembly
- Completed reload, in  1.120 seconds
Platform modules already initialized, skipping
Refreshing native plugins compatible for Editor in 0.63 ms, found 0 plugins.
Preloading 0 native plugins for Editor in 0.00 ms.
Unloading 1512 Unused Serialized files (Serialized files now loaded: 0)
System memory in use before: 71.9 MB.
System memory in use after: 72.0 MB.

Unloading 9 unused Assets to reduce memory usage. Loaded Objects now: 1978.
Total: 2.575100 ms (FindLiveObjects: 0.245800 ms CreateObjectMapping: 0.114400 ms MarkObjects: 2.193900 ms  DeleteObjects: 0.019800 ms)

========================================================================
Received Import Request.
  Time since last request: 75.884258 seconds.
  path: Assets/ScriptableObjects/Attributes/LeaderBoardPanleFonts/TMPFontLeaderboardPlayerName.asset
  artifactKey: Guid(b8f192747e7244d2aaa0f8e9677a8956) Importer(815301076,1909f56bfc062723c751e8b465ee728b)
Start importing Assets/ScriptableObjects/Attributes/LeaderBoardPanleFonts/TMPFontLeaderboardPlayerName.asset using Guid(b8f192747e7244d2aaa0f8e9677a8956) Importer(815301076,1909f56bfc062723c751e8b465ee728b)  -> (artifact id: '312da5131c552549fb2335f0082849ea') in 0.040716 seconds
  Import took 0.044794 seconds .

========================================================================
Received Import Request.
  Time since last request: 8.711004 seconds.
  path: Assets/ScriptableObjects/Attributes/LeaderBoardPanleFonts/TMPFontLeaderboardPlayerAmount.asset
  artifactKey: Guid(9a062557324564ea38ad2b5656d9cc8c) Importer(815301076,1909f56bfc062723c751e8b465ee728b)
Start importing Assets/ScriptableObjects/Attributes/LeaderBoardPanleFonts/TMPFontLeaderboardPlayerAmount.asset using Guid(9a062557324564ea38ad2b5656d9cc8c) Importer(815301076,1909f56bfc062723c751e8b465ee728b)  -> (artifact id: 'b19255d036f193239cc5b8a4a221e471') in 0.014530 seconds
  Import took 0.035411 seconds .

========================================================================
Received Prepare
Registering precompiled user dll's ...
Registered in 0.002315 seconds.
Begin MonoManager ReloadAssembly
Native extension for WindowsStandalone target not found
Native extension for WebGL target not found
Refreshing native plugins compatible for Editor in 0.51 ms, found 0 plugins.
Preloading 0 native plugins for Editor in 0.00 ms.
Invoked RoslynAnalysisRunner static constructor.
RoslynAnalysisRunner will not be running.
RoslynAnalysisRunner has terminated.
Mono: successfully reloaded assembly
- Completed reload, in  1.153 seconds
Platform modules already initialized, skipping
Refreshing native plugins compatible for Editor in 0.63 ms, found 0 plugins.
Preloading 0 native plugins for Editor in 0.00 ms.
Unloading 1512 Unused Serialized files (Serialized files now loaded: 0)
System memory in use before: 71.9 MB.
System memory in use after: 72.0 MB.

Unloading 9 unused Assets to reduce memory usage. Loaded Objects now: 1981.
Total: 3.121100 ms (FindLiveObjects: 0.252900 ms CreateObjectMapping: 0.215300 ms MarkObjects: 2.614300 ms  DeleteObjects: 0.036300 ms)

========================================================================
Received Import Request.
  Time since last request: 51.419397 seconds.
  path: Assets/ScriptableObjects/Attributes/LeaderBoardPanleFonts/TMPFontLeaderboardFirstPlacePlayerAmount.asset
  artifactKey: Guid(e19f4613bc11b42f185e38a2405fbe6c) Importer(815301076,1909f56bfc062723c751e8b465ee728b)
Start importing Assets/ScriptableObjects/Attributes/LeaderBoardPanleFonts/TMPFontLeaderboardFirstPlacePlayerAmount.asset using Guid(e19f4613bc11b42f185e38a2405fbe6c) Importer(815301076,1909f56bfc062723c751e8b465ee728b)  -> (artifact id: '8f4ea01a86a23bc9ff1c23de9992ea91') in 0.055001 seconds
  Import took 0.060445 seconds .

========================================================================
Received Import Request.
  Time since last request: 0.000575 seconds.
  path: Assets/ScriptableObjects/Attributes/LeaderBoardPanleFonts/TMPFontLeaderboardFirstPlacePlayerName.asset
  artifactKey: Guid(9a2a11a836b884825bc89bcf521f0c46) Importer(815301076,1909f56bfc062723c751e8b465ee728b)
Start importing Assets/ScriptableObjects/Attributes/LeaderBoardPanleFonts/TMPFontLeaderboardFirstPlacePlayerName.asset using Guid(9a2a11a836b884825bc89bcf521f0c46) Importer(815301076,1909f56bfc062723c751e8b465ee728b)  -> (artifact id: '2aa85464260d7dcf0722692be591f3e5') in 0.019661 seconds
  Import took 0.023447 seconds .

========================================================================
Received Import Request.
  Time since last request: 1.434153 seconds.
  path: Assets/ScriptableObjects/Attributes/LeaderBoardPanleFonts/TMPFontLeaderboardFirstPlacePlayerAmount.asset
  artifactKey: Guid(e19f4613bc11b42f185e38a2405fbe6c) Importer(815301076,1909f56bfc062723c751e8b465ee728b)
Start importing Assets/ScriptableObjects/Attributes/LeaderBoardPanleFonts/TMPFontLeaderboardFirstPlacePlayerAmount.asset using Guid(e19f4613bc11b42f185e38a2405fbe6c) Importer(815301076,1909f56bfc062723c751e8b465ee728b)  -> (artifact id: '8f4ea01a86a23bc9ff1c23de9992ea91') in 0.023196 seconds
  Import took 0.030330 seconds .

========================================================================
Received Prepare
Registering precompiled user dll's ...
Registered in 0.006560 seconds.
Begin MonoManager ReloadAssembly
Native extension for WindowsStandalone target not found
Native extension for WebGL target not found
Refreshing native plugins compatible for Editor in 0.51 ms, found 0 plugins.
Preloading 0 native plugins for Editor in 0.00 ms.
Invoked RoslynAnalysisRunner static constructor.
RoslynAnalysisRunner will not be running.
RoslynAnalysisRunner has terminated.
Mono: successfully reloaded assembly
- Completed reload, in  2.035 seconds
Platform modules already initialized, skipping
Refreshing native plugins compatible for Editor in 1.39 ms, found 0 plugins.
Preloading 0 native plugins for Editor in 0.00 ms.
Unloading 1512 Unused Serialized files (Serialized files now loaded: 0)
System memory in use before: 71.9 MB.
System memory in use after: 72.0 MB.

Unloading 9 unused Assets to reduce memory usage. Loaded Objects now: 1984.
Total: 3.090500 ms (FindLiveObjects: 0.222600 ms CreateObjectMapping: 0.129700 ms MarkObjects: 2.714200 ms  DeleteObjects: 0.021700 ms)

========================================================================
Received Import Request.
  Time since last request: 126.531508 seconds.
  path: Assets/ScriptableObjects/Attributes/InstructionPanelFonts/TMPFontInstructionPanel.asset
  artifactKey: Guid(07ea767d907d54cccac94e591f41824e) Importer(815301076,1909f56bfc062723c751e8b465ee728b)
Start importing Assets/ScriptableObjects/Attributes/InstructionPanelFonts/TMPFontInstructionPanel.asset using Guid(07ea767d907d54cccac94e591f41824e) Importer(815301076,1909f56bfc062723c751e8b465ee728b)  -> (artifact id: '007ebbcb6815049da94f0e868de0f239') in 0.060965 seconds
  Import took 0.086595 seconds .

========================================================================
Received Import Request.
  Time since last request: 0.004679 seconds.
  path: Assets/ScriptableObjects/Attributes/InstructionPanelFonts/TMPFontInstructionPanel.asset
  artifactKey: Guid(07ea767d907d54cccac94e591f41824e) Importer(815301076,1909f56bfc062723c751e8b465ee728b)
Start importing Assets/ScriptableObjects/Attributes/InstructionPanelFonts/TMPFontInstructionPanel.asset using Guid(07ea767d907d54cccac94e591f41824e) Importer(815301076,1909f56bfc062723c751e8b465ee728b)  -> (artifact id: '007ebbcb6815049da94f0e868de0f239') in 0.011042 seconds
  Import took 0.015325 seconds .

========================================================================
Received Import Request.
  Time since last request: 37.635112 seconds.
  path: Assets/ScriptableObjects/Attributes/InstructionPanelFonts/TMPFontInstructionPanel.asset
  artifactKey: Guid(07ea767d907d54cccac94e591f41824e) Importer(815301076,1909f56bfc062723c751e8b465ee728b)
Start importing Assets/ScriptableObjects/Attributes/InstructionPanelFonts/TMPFontInstructionPanel.asset using Guid(07ea767d907d54cccac94e591f41824e) Importer(815301076,1909f56bfc062723c751e8b465ee728b)  -> (artifact id: 'ae759383a54de582241fb5f74bc0faa9') in 0.022265 seconds
  Import took 0.046002 seconds .

========================================================================
Received Prepare
Registering precompiled user dll's ...
Registered in 0.002415 seconds.
Begin MonoManager ReloadAssembly
Native extension for WindowsStandalone target not found
Native extension for WebGL target not found
Refreshing native plugins compatible for Editor in 0.65 ms, found 0 plugins.
Preloading 0 native plugins for Editor in 0.00 ms.
Invoked RoslynAnalysisRunner static constructor.
RoslynAnalysisRunner will not be running.
RoslynAnalysisRunner has terminated.
Mono: successfully reloaded assembly
- Completed reload, in  1.895 seconds
Platform modules already initialized, skipping
Refreshing native plugins compatible for Editor in 1.49 ms, found 0 plugins.
Preloading 0 native plugins for Editor in 0.00 ms.
Unloading 1512 Unused Serialized files (Serialized files now loaded: 0)
System memory in use before: 71.9 MB.
System memory in use after: 72.0 MB.

Unloading 9 unused Assets to reduce memory usage. Loaded Objects now: 1987.
Total: 3.795200 ms (FindLiveObjects: 0.332600 ms CreateObjectMapping: 0.124500 ms MarkObjects: 3.308500 ms  DeleteObjects: 0.027200 ms)

========================================================================
Received Import Request.
  Time since last request: 113.165500 seconds.
  path: Assets/Scenes/Lobby.unity
  artifactKey: Guid(0cc590d1ddfc3b94e8251d6aa7c0218f) Importer(815301076,1909f56bfc062723c751e8b465ee728b)
Start importing Assets/Scenes/Lobby.unity using Guid(0cc590d1ddfc3b94e8251d6aa7c0218f) Importer(815301076,1909f56bfc062723c751e8b465ee728b)  -> (artifact id: 'c57e91647cce506471df2251a8d238c9') in 0.022405 seconds
  Import took 0.027021 seconds .

========================================================================
Received Import Request.
  Time since last request: 45.280170 seconds.
  path: Assets/Scenes/Start.unity
  artifactKey: Guid(674f929c7af05274e931ad6f6758cc8c) Importer(815301076,1909f56bfc062723c751e8b465ee728b)
Start importing Assets/Scenes/Start.unity using Guid(674f929c7af05274e931ad6f6758cc8c) Importer(815301076,1909f56bfc062723c751e8b465ee728b)  -> (artifact id: '1358ae144cd16d096442a6cc0afda6e0') in 0.023715 seconds
  Import took 0.028758 seconds .

========================================================================
Received Import Request.
  Time since last request: 3.339901 seconds.
  path: Assets/Scenes/PlayerBoard.unity
  artifactKey: Guid(e4d4069e36f53dc4aa9ecb09bb8cbca5) Importer(815301076,1909f56bfc062723c751e8b465ee728b)
Start importing Assets/Scenes/PlayerBoard.unity using Guid(e4d4069e36f53dc4aa9ecb09bb8cbca5) Importer(815301076,1909f56bfc062723c751e8b465ee728b)  -> (artifact id: '591b1ab88f9285c1f927ec236be29a20') in 0.013527 seconds
  Import took 0.032512 seconds .

========================================================================
Received Prepare
Registering precompiled user dll's ...
Registered in 0.002289 seconds.
Begin MonoManager ReloadAssembly
Native extension for WindowsStandalone target not found
Native extension for WebGL target not found
Refreshing native plugins compatible for Editor in 0.53 ms, found 0 plugins.
Preloading 0 native plugins for Editor in 0.00 ms.
Invoked RoslynAnalysisRunner static constructor.
RoslynAnalysisRunner will not be running.
RoslynAnalysisRunner has terminated.
Mono: successfully reloaded assembly
- Completed reload, in  1.121 seconds
Platform modules already initialized, skipping
Refreshing native plugins compatible for Editor in 0.57 ms, found 0 plugins.
Preloading 0 native plugins for Editor in 0.00 ms.
Unloading 1512 Unused Serialized files (Serialized files now loaded: 0)
System memory in use before: 71.9 MB.
System memory in use after: 72.0 MB.

Unloading 9 unused Assets to reduce memory usage. Loaded Objects now: 1990.
Total: 2.622600 ms (FindLiveObjects: 0.228100 ms CreateObjectMapping: 0.125600 ms MarkObjects: 2.246300 ms  DeleteObjects: 0.021200 ms)

========================================================================
Received Import Request.
  Time since last request: 99.411843 seconds.
  path: Assets/Scenes/Lobby.unity
  artifactKey: Guid(0cc590d1ddfc3b94e8251d6aa7c0218f) Importer(815301076,1909f56bfc062723c751e8b465ee728b)
Start importing Assets/Scenes/Lobby.unity using Guid(0cc590d1ddfc3b94e8251d6aa7c0218f) Importer(815301076,1909f56bfc062723c751e8b465ee728b)  -> (artifact id: '9607597eb6b50cf636a75cb17f24e62c') in 0.020440 seconds
  Import took 0.025177 seconds .

========================================================================
Received Prepare
Registering precompiled user dll's ...
Registered in 0.002462 seconds.
Begin MonoManager ReloadAssembly
Native extension for WindowsStandalone target not found
Native extension for WebGL target not found
Refreshing native plugins compatible for Editor in 0.53 ms, found 0 plugins.
Preloading 0 native plugins for Editor in 0.00 ms.
Invoked RoslynAnalysisRunner static constructor.
RoslynAnalysisRunner will not be running.
RoslynAnalysisRunner has terminated.
Mono: successfully reloaded assembly
- Completed reload, in  1.142 seconds
Platform modules already initialized, skipping
Refreshing native plugins compatible for Editor in 0.61 ms, found 0 plugins.
Preloading 0 native plugins for Editor in 0.00 ms.
Unloading 1512 Unused Serialized files (Serialized files now loaded: 0)
System memory in use before: 71.9 MB.
System memory in use after: 72.0 MB.

Unloading 9 unused Assets to reduce memory usage. Loaded Objects now: 1993.
Total: 2.671000 ms (FindLiveObjects: 0.261100 ms CreateObjectMapping: 0.125700 ms MarkObjects: 2.263800 ms  DeleteObjects: 0.019300 ms)

========================================================================
Received Prepare
Registering precompiled user dll's ...
Registered in 0.002279 seconds.
Begin MonoManager ReloadAssembly
Native extension for WindowsStandalone target not found
Native extension for WebGL target not found
Refreshing native plugins compatible for Editor in 0.51 ms, found 0 plugins.
Preloading 0 native plugins for Editor in 0.00 ms.
Invoked RoslynAnalysisRunner static constructor.
RoslynAnalysisRunner will not be running.
RoslynAnalysisRunner has terminated.
Mono: successfully reloaded assembly
- Completed reload, in  1.112 seconds
Platform modules already initialized, skipping
Refreshing native plugins compatible for Editor in 0.55 ms, found 0 plugins.
Preloading 0 native plugins for Editor in 0.00 ms.
Unloading 1512 Unused Serialized files (Serialized files now loaded: 0)
System memory in use before: 72.0 MB.
System memory in use after: 72.1 MB.

Unloading 9 unused Assets to reduce memory usage. Loaded Objects now: 1996.
Total: 2.678000 ms (FindLiveObjects: 0.234700 ms CreateObjectMapping: 0.121400 ms MarkObjects: 2.299000 ms  DeleteObjects: 0.020800 ms)

========================================================================
Received Prepare
Registering precompiled user dll's ...
Registered in 0.002648 seconds.
Begin MonoManager ReloadAssembly
Native extension for WindowsStandalone target not found
Native extension for WebGL target not found
Refreshing native plugins compatible for Editor in 2.76 ms, found 0 plugins.
Preloading 0 native plugins for Editor in 0.00 ms.
Invoked RoslynAnalysisRunner static constructor.
RoslynAnalysisRunner will not be running.
RoslynAnalysisRunner has terminated.
Mono: successfully reloaded assembly
- Completed reload, in  2.548 seconds
Platform modules already initialized, skipping
Refreshing native plugins compatible for Editor in 0.55 ms, found 0 plugins.
Preloading 0 native plugins for Editor in 0.00 ms.
Unloading 1512 Unused Serialized files (Serialized files now loaded: 0)
System memory in use before: 72.0 MB.
System memory in use after: 72.1 MB.

Unloading 9 unused Assets to reduce memory usage. Loaded Objects now: 1999.
Total: 2.746100 ms (FindLiveObjects: 0.319700 ms CreateObjectMapping: 0.157700 ms MarkObjects: 2.248900 ms  DeleteObjects: 0.018700 ms)

========================================================================
Received Prepare
Refreshing native plugins compatible for Editor in 2.78 ms, found 0 plugins.
Preloading 0 native plugins for Editor in 0.00 ms.
Unloading 8 Unused Serialized files (Serialized files now loaded: 0)
System memory in use before: 41.7 MB.
System memory in use after: 41.9 MB.

Unloading 7 unused Assets to reduce memory usage. Loaded Objects now: 1999.
Total: 3.817300 ms (FindLiveObjects: 0.616900 ms CreateObjectMapping: 0.160200 ms MarkObjects: 3.018800 ms  DeleteObjects: 0.019300 ms)

========================================================================
Received Prepare
Registering precompiled user dll's ...
Registered in 0.012476 seconds.
Begin MonoManager ReloadAssembly
Native extension for WindowsStandalone target not found
Native extension for WebGL target not found
Refreshing native plugins compatible for Editor in 4.16 ms, found 0 plugins.
Preloading 0 native plugins for Editor in 0.00 ms.
Invoked RoslynAnalysisRunner static constructor.
RoslynAnalysisRunner will not be running.
RoslynAnalysisRunner has terminated.
Mono: successfully reloaded assembly
- Completed reload, in 25.507 seconds
Platform modules already initialized, skipping
Refreshing native plugins compatible for Editor in 0.93 ms, found 0 plugins.
Preloading 0 native plugins for Editor in 0.00 ms.
Unloading 1512 Unused Serialized files (Serialized files now loaded: 0)
System memory in use before: 72.0 MB.
System memory in use after: 72.1 MB.

Unloading 9 unused Assets to reduce memory usage. Loaded Objects now: 2002.
Total: 36.282600 ms (FindLiveObjects: 2.170500 ms CreateObjectMapping: 1.414100 ms MarkObjects: 32.474200 ms  DeleteObjects: 0.204900 ms)

========================================================================
Received Import Request.
  Time since last request: 806.325994 seconds.
  path: Assets/Scenes/PlayerBoard.unity
  artifactKey: Guid(e4d4069e36f53dc4aa9ecb09bb8cbca5) Importer(815301076,1909f56bfc062723c751e8b465ee728b)
Start importing Assets/Scenes/PlayerBoard.unity using Guid(e4d4069e36f53dc4aa9ecb09bb8cbca5) Importer(815301076,1909f56bfc062723c751e8b465ee728b)  -> (artifact id: '6c3f7d33a59b53339546a4ef5af2c1f1') in 0.056293 seconds
  Import took 0.351834 seconds .

========================================================================
Received Import Request.
  Time since last request: 0.224066 seconds.
  path: Assets/Scenes/PlayerBoard.unity
  artifactKey: Guid(e4d4069e36f53dc4aa9ecb09bb8cbca5) Importer(815301076,1909f56bfc062723c751e8b465ee728b)
Start importing Assets/Scenes/PlayerBoard.unity using Guid(e4d4069e36f53dc4aa9ecb09bb8cbca5) Importer(815301076,1909f56bfc062723c751e8b465ee728b)  -> (artifact id: '6c3f7d33a59b53339546a4ef5af2c1f1') in 0.056295 seconds
  Import took 0.061761 seconds .

========================================================================
Received Import Request.
  Time since last request: 25.714758 seconds.
  path: Assets/Scenes/Lobby.unity
  artifactKey: Guid(0cc590d1ddfc3b94e8251d6aa7c0218f) Importer(815301076,1909f56bfc062723c751e8b465ee728b)
Start importing Assets/Scenes/Lobby.unity using Guid(0cc590d1ddfc3b94e8251d6aa7c0218f) Importer(815301076,1909f56bfc062723c751e8b465ee728b)  -> (artifact id: '886ed58c0d92255d7680050e45cde031') in 0.013542 seconds
  Import took 0.029790 seconds .

========================================================================
Received Prepare
Refreshing native plugins compatible for Editor in 2.69 ms, found 0 plugins.
Preloading 0 native plugins for Editor in 0.00 ms.
Unloading 8 Unused Serialized files (Serialized files now loaded: 0)
System memory in use before: 41.8 MB.
System memory in use after: 41.9 MB.

Unloading 7 unused Assets to reduce memory usage. Loaded Objects now: 2002.
Total: 4.080400 ms (FindLiveObjects: 0.369400 ms CreateObjectMapping: 0.133200 ms MarkObjects: 3.547700 ms  DeleteObjects: 0.022200 ms)

========================================================================
Received Prepare
Registering precompiled user dll's ...
Registered in 0.002348 seconds.
Begin MonoManager ReloadAssembly
Native extension for WindowsStandalone target not found
Native extension for WebGL target not found
Refreshing native plugins compatible for Editor in 0.54 ms, found 0 plugins.
Preloading 0 native plugins for Editor in 0.00 ms.
Invoked RoslynAnalysisRunner static constructor.
RoslynAnalysisRunner will not be running.
RoslynAnalysisRunner has terminated.
Mono: successfully reloaded assembly
- Completed reload, in  3.484 seconds
Platform modules already initialized, skipping
Refreshing native plugins compatible for Editor in 0.59 ms, found 0 plugins.
Preloading 0 native plugins for Editor in 0.00 ms.
Unloading 1512 Unused Serialized files (Serialized files now loaded: 0)
System memory in use before: 72.0 MB.
System memory in use after: 72.1 MB.

Unloading 9 unused Assets to reduce memory usage. Loaded Objects now: 2005.
Total: 3.199400 ms (FindLiveObjects: 0.312800 ms CreateObjectMapping: 0.148000 ms MarkObjects: 2.713100 ms  DeleteObjects: 0.023900 ms)

========================================================================
Received Prepare
Refreshing native plugins compatible for Editor in 2.32 ms, found 0 plugins.
Preloading 0 native plugins for Editor in 0.00 ms.
Unloading 8 Unused Serialized files (Serialized files now loaded: 0)
System memory in use before: 41.8 MB.
System memory in use after: 41.9 MB.

Unloading 7 unused Assets to reduce memory usage. Loaded Objects now: 2005.
Total: 4.282800 ms (FindLiveObjects: 0.332300 ms CreateObjectMapping: 0.153700 ms MarkObjects: 3.757100 ms  DeleteObjects: 0.037700 ms)

========================================================================
Received Prepare
Registering precompiled user dll's ...
Registered in 0.029240 seconds.
Begin MonoManager ReloadAssembly
Native extension for WindowsStandalone target not found
Native extension for WebGL target not found
Refreshing native plugins compatible for Editor in 3.50 ms, found 0 plugins.
Preloading 0 native plugins for Editor in 0.00 ms.
Invoked RoslynAnalysisRunner static constructor.
RoslynAnalysisRunner will not be running.
RoslynAnalysisRunner has terminated.
Mono: successfully reloaded assembly
- Completed reload, in 24.371 seconds
Platform modules already initialized, skipping
Refreshing native plugins compatible for Editor in 15.99 ms, found 0 plugins.
Preloading 0 native plugins for Editor in 0.00 ms.
Unloading 1512 Unused Serialized files (Serialized files now loaded: 0)
System memory in use before: 72.0 MB.
System memory in use after: 72.1 MB.

Unloading 9 unused Assets to reduce memory usage. Loaded Objects now: 2008.
Total: 105.924300 ms (FindLiveObjects: 20.902900 ms CreateObjectMapping: 0.618300 ms MarkObjects: 84.315500 ms  DeleteObjects: 0.073900 ms)

AssetImportWorkerClient::OnTransportError - code=2 error=End of file
